[ 2016-03-14T15:34:24+08:00 ] 10.16.155.217 /html/webframework/webframe/index.php/Admin/Admin/index
ERR: 无法加载控制器:Admin

[ 2016-03-14T15:35:21+08:00 ] 10.16.155.217 /html/webframework/webframe/index.php/Admin/Admin/index
ERR: 无法加载控制器:Admin

[ 2016-03-14T15:41:33+08:00 ] 10.16.155.217 /html/webframework/webframe/index.php/Admin/Admin/index
ERR: 无法加载控制器:Admin

[ 2016-03-14T15:41:34+08:00 ] 10.16.155.217 /html/webframework/webframe/index.php/Admin/Admin/index
ERR: 无法加载控制器:Admin

[ 2016-03-14T16:36:09+08:00 ] 10.16.189.153 /html/webframework/webframe/index.php/Admin/Admin/index
ERR: 模板不存在:/var/www/html/webframework/webframe/Admin/View/Admin/index.html

[ 2016-03-14T16:36:18+08:00 ] 10.16.189.153 /html/webframework/webframe/index.php/Admin/Menu/SURLPublic/BootStrap/css/bootstrap.min.css
ERR: 非法操作:SURLPublic

[ 2016-03-14T16:36:18+08:00 ] 10.16.189.153 /html/webframework/webframe/index.php/Admin/Menu/SURLPublic/BootStrap/css/bootstrap-table.min.css
ERR: 非法操作:SURLPublic

[ 2016-03-14T16:36:18+08:00 ] 10.16.189.153 /html/webframework/webframe/index.php/Admin/Menu/SURLPublic/Admin/Common/css/common.css
ERR: 非法操作:SURLPublic

[ 2016-03-14T16:36:18+08:00 ] 10.16.189.153 /html/webframework/webframe/index.php/Admin/Menu/SURLPublic/Admin/BootStrap/js/jquery-1.11.1.min.js
ERR: 非法操作:SURLPublic

[ 2016-03-14T16:36:18+08:00 ] 10.16.189.153 /html/webframework/webframe/index.php/Admin/Menu/SURLPublic/Admin/BootStrap/js/bootstrap.min.js
ERR: 非法操作:SURLPublic

[ 2016-03-14T16:36:18+08:00 ] 10.16.189.153 /html/webframework/webframe/index.php/Admin/Menu/SURLPublic/Admin/BootStrap/js/bootstrap-table.js
ERR: 非法操作:SURLPublic

[ 2016-03-14T16:36:18+08:00 ] 10.16.189.153 /html/webframework/webframe/index.php/Admin/Menu/SURLPublic/Admin/Common/js/commonFunc.js
ERR: 非法操作:SURLPublic

[ 2016-03-14T16:36:45+08:00 ] 10.16.189.153 /html/webframework/webframe/index.php/Admin/Menu/SURLPublic/BootStrap/css/bootstrap.min.css
ERR: 非法操作:SURLPublic

[ 2016-03-14T16:36:45+08:00 ] 10.16.189.153 /html/webframework/webframe/index.php/Admin/Menu/SURLPublic/Admin/BootStrap/js/bootstrap.min.js
ERR: 非法操作:SURLPublic

[ 2016-03-14T16:36:45+08:00 ] 10.16.189.153 /html/webframework/webframe/index.php/Admin/Menu/SURLPublic/Admin/BootStrap/js/bootstrap-table.js
ERR: 非法操作:SURLPublic

[ 2016-03-14T16:36:45+08:00 ] 10.16.189.153 /html/webframework/webframe/index.php/Admin/Menu/SURLPublic/BootStrap/css/bootstrap-table.min.css
ERR: 非法操作:SURLPublic

[ 2016-03-14T16:36:45+08:00 ] 10.16.189.153 /html/webframework/webframe/index.php/Admin/Menu/SURLPublic/Admin/Common/css/common.css
ERR: 非法操作:SURLPublic

[ 2016-03-14T16:36:45+08:00 ] 10.16.189.153 /html/webframework/webframe/index.php/Admin/Menu/SURLPublic/Admin/BootStrap/js/jquery-1.11.1.min.js
ERR: 非法操作:SURLPublic

[ 2016-03-14T16:36:45+08:00 ] 10.16.189.153 /html/webframework/webframe/index.php/Admin/Menu/SURLPublic/Admin/Common/js/commonFunc.js
ERR: 非法操作:SURLPublic

[ 2016-03-14T16:36:45+08:00 ] 10.16.189.153 /html/webframework/webframe/index.php/Admin/Menu/SURLPublic/Admin/BootStrap/js/bootstrap.min.js
ERR: 非法操作:SURLPublic

[ 2016-03-14T16:36:45+08:00 ] 10.16.189.153 /html/webframework/webframe/index.php/Admin/Menu/SURLPublic/Admin/BootStrap/js/bootstrap-table.js
ERR: 非法操作:SURLPublic

[ 2016-03-14T16:36:45+08:00 ] 10.16.189.153 /html/webframework/webframe/index.php/Admin/Menu/SURLPublic/Admin/Common/js/commonFunc.js
ERR: 非法操作:SURLPublic

[ 2016-03-14T16:37:30+08:00 ] 10.16.189.153 /html/webframework/webframe/index.php/Admin/Menu/SURLPublic/Admin/BootStrap/css/bootstrap.min.css
ERR: 非法操作:SURLPublic

[ 2016-03-14T16:37:30+08:00 ] 10.16.189.153 /html/webframework/webframe/index.php/Admin/Menu/SURLPublic/Admin/BootStrap/css/bootstrap-table.min.css
ERR: 非法操作:SURLPublic

[ 2016-03-14T16:37:30+08:00 ] 10.16.189.153 /html/webframework/webframe/index.php/Admin/Menu/SURLPublic/Admin/Common/css/common.css
ERR: 非法操作:SURLPublic

[ 2016-03-14T16:37:30+08:00 ] 10.16.189.153 /html/webframework/webframe/index.php/Admin/Menu/SURLPublic/Admin/BootStrap/js/bootstrap.min.js
ERR: 非法操作:SURLPublic

[ 2016-03-14T16:37:30+08:00 ] 10.16.189.153 /html/webframework/webframe/index.php/Admin/Menu/SURLPublic/Admin/BootStrap/js/bootstrap-table.js
ERR: 非法操作:SURLPublic

[ 2016-03-14T16:37:30+08:00 ] 10.16.189.153 /html/webframework/webframe/index.php/Admin/Menu/SURLPublic/Admin/BootStrap/js/jquery-1.11.1.min.js
ERR: 非法操作:SURLPublic

[ 2016-03-14T16:37:30+08:00 ] 10.16.189.153 /html/webframework/webframe/index.php/Admin/Menu/SURLPublic/Admin/Common/js/commonFunc.js
ERR: 非法操作:SURLPublic

[ 2016-03-14T16:37:30+08:00 ] 10.16.189.153 /html/webframework/webframe/index.php/Admin/Menu/SURLPublic/Admin/BootStrap/js/bootstrap.min.js
ERR: 非法操作:SURLPublic

[ 2016-03-14T16:37:30+08:00 ] 10.16.189.153 /html/webframework/webframe/index.php/Admin/Menu/SURLPublic/Admin/BootStrap/js/bootstrap-table.js
ERR: 非法操作:SURLPublic

[ 2016-03-14T16:37:30+08:00 ] 10.16.189.153 /html/webframework/webframe/index.php/Admin/Menu/SURLPublic/Admin/Common/js/commonFunc.js
ERR: 非法操作:SURLPublic

[ 2016-03-14T16:38:28+08:00 ] 10.16.189.153 /html/webframework/webframe/index.php/Admin/Menu/SURLPublic/Admin/BootStrap/css/bootstrap.min.css
ERR: 非法操作:SURLPublic

[ 2016-03-14T16:38:28+08:00 ] 10.16.189.153 /html/webframework/webframe/index.php/Admin/Menu/SURLPublic/Admin/BootStrap/css/bootstrap-table.min.css
ERR: 非法操作:SURLPublic

[ 2016-03-14T16:38:28+08:00 ] 10.16.189.153 /html/webframework/webframe/index.php/Admin/Menu/SURLPublic/Admin/Common/css/common.css
ERR: 非法操作:SURLPublic

[ 2016-03-14T16:38:28+08:00 ] 10.16.189.153 /html/webframework/webframe/index.php/Admin/Menu/SURLPublic/Admin/BootStrap/js/bootstrap.min.js
ERR: 非法操作:SURLPublic

[ 2016-03-14T16:38:28+08:00 ] 10.16.189.153 /html/webframework/webframe/index.php/Admin/Menu/SURLPublic/Admin/BootStrap/js/bootstrap-table.js
ERR: 非法操作:SURLPublic

[ 2016-03-14T16:38:28+08:00 ] 10.16.189.153 /html/webframework/webframe/index.php/Admin/Menu/SURLPublic/Admin/BootStrap/js/jquery-1.11.1.min.js
ERR: 非法操作:SURLPublic

[ 2016-03-14T16:38:28+08:00 ] 10.16.189.153 /html/webframework/webframe/index.php/Admin/Menu/SURLPublic/Admin/Common/js/commonFunc.js
ERR: 非法操作:SURLPublic

[ 2016-03-14T16:38:28+08:00 ] 10.16.189.153 /html/webframework/webframe/index.php/Admin/Menu/SURLPublic/Admin/BootStrap/js/bootstrap.min.js
ERR: 非法操作:SURLPublic

[ 2016-03-14T16:38:29+08:00 ] 10.16.189.153 /html/webframework/webframe/index.php/Admin/Menu/SURLPublic/Admin/BootStrap/js/bootstrap-table.js
ERR: 非法操作:SURLPublic

[ 2016-03-14T16:38:29+08:00 ] 10.16.189.153 /html/webframework/webframe/index.php/Admin/Menu/SURLPublic/Admin/Common/js/commonFunc.js
ERR: 非法操作:SURLPublic

[ 2016-03-14T16:53:07+08:00 ] 10.16.189.153 /html/webframework/webframe/index.php/Admin/Menu/add
ERR: 非法操作:add

[ 2016-03-14T16:54:58+08:00 ] 10.16.189.153 /html/webframework/webframe/index.php/Admin/Menu/add
ERR: 模板不存在:/var/www/html/webframework/webframe/Admin/View/Menu/add.html

[ 2016-03-14T17:13:42+08:00 ] 10.16.189.153 /html/webframework/webframe/index.php/Admin/Menu/insert
INFO: [ app_begin ] --START--
INFO: Run Behavior\ReadHtmlCacheBehavior [ RunTime:0.000059s ]
INFO: [ app_begin ] --END-- [ RunTime:0.000151s ]
INFO: [ app_end ] --START--
INFO: Run Behavior\ShowPageTraceBehavior [ RunTime:0.000077s ]
INFO: [ app_end ] --END-- [ RunTime:0.000143s ]

[ 2016-03-14T17:18:34+08:00 ] 10.16.189.153 /html/webframework/webframe/index.php/Admin/Menu/insert
INFO: [ app_begin ] --START--
INFO: Run Behavior\ReadHtmlCacheBehavior [ RunTime:0.000061s ]
INFO: [ app_begin ] --END-- [ RunTime:0.000154s ]

[ 2016-03-14T17:19:29+08:00 ] 10.16.189.153 /html/webframework/webframe/index.php/Admin/Menu/insert
INFO: [ app_begin ] --START--
INFO: Run Behavior\ReadHtmlCacheBehavior [ RunTime:0.000049s ]
INFO: [ app_begin ] --END-- [ RunTime:0.000148s ]

[ 2016-03-14T17:23:03+08:00 ] 10.16.189.153 /html/webframework/webframe/index.php/Admin/Menu/insert
INFO: [ app_begin ] --START--
INFO: Run Behavior\ReadHtmlCacheBehavior [ RunTime:0.000049s ]
INFO: [ app_begin ] --END-- [ RunTime:0.000131s ]

[ 2016-03-14T17:25:31+08:00 ] 10.16.189.153 /html/webframework/webframe/index.php/Admin/Menu/insert
INFO: [ app_begin ] --START--
INFO: Run Behavior\ReadHtmlCacheBehavior [ RunTime:0.000047s ]
INFO: [ app_begin ] --END-- [ RunTime:0.000143s ]
ERR: SQLSTATE[HY000] [2005] Unknown MySQL server host '10.16.155.241:8030' (74)

[ 2016-03-14T17:26:35+08:00 ] 10.16.189.153 /html/webframework/webframe/index.php/Admin/Menu/insert
INFO: [ app_begin ] --START--
INFO: Run Behavior\ReadHtmlCacheBehavior [ RunTime:0.000042s ]
INFO: [ app_begin ] --END-- [ RunTime:0.000136s ]
ERR: SQLSTATE[HY000] [2003] Can't connect to MySQL server on '10.16.155.241' (111)

[ 2016-03-14T17:27:33+08:00 ] 10.16.189.153 /html/webframework/webframe/index.php/Admin/Menu/insert
INFO: [ app_begin ] --START--
INFO: Run Behavior\ReadHtmlCacheBehavior [ RunTime:0.000044s ]
INFO: [ app_begin ] --END-- [ RunTime:0.000125s ]
ERR: SQLSTATE[HY000] [2013] Lost connection to MySQL server at 'reading initial communication packet', system error: 0

[ 2016-03-14T17:42:41+08:00 ] 10.16.189.153 /html/webframework/webframe/index.php/Admin/Menu/insert
INFO: [ app_begin ] --START--
INFO: Run Behavior\ReadHtmlCacheBehavior [ RunTime:0.000045s ]
INFO: [ app_begin ] --END-- [ RunTime:0.000122s ]
ERR: SQLSTATE[HY000] [2003] Can't connect to MySQL server on '10.16.155.241' (111)

[ 2016-03-14T17:47:22+08:00 ] 10.16.189.153 /html/webframework/webframe/index.php/Admin/Menu/insert
INFO: [ app_begin ] --START--
INFO: Run Behavior\ReadHtmlCacheBehavior [ RunTime:0.000046s ]
INFO: [ app_begin ] --END-- [ RunTime:0.000130s ]
ERR: SQLSTATE[HY000] [2003] Can't connect to MySQL server on '10.16.155.241' (111)

[ 2016-03-14T17:50:33+08:00 ] 10.16.189.153 /html/webframework/webframe/index.php/Admin/Menu/insert
INFO: [ app_begin ] --START--
INFO: Run Behavior\ReadHtmlCacheBehavior [ RunTime:0.000049s ]
INFO: [ app_begin ] --END-- [ RunTime:0.000124s ]
ERR: SQLSTATE[HY000] [2013] Lost connection to MySQL server at 'reading initial communication packet', system error: 0

[ 2016-03-14T17:54:07+08:00 ] 10.16.189.153 /html/webframework/webframe/index.php/Admin/Menu/insert
INFO: [ app_begin ] --START--
INFO: Run Behavior\ReadHtmlCacheBehavior [ RunTime:0.000044s ]
INFO: [ app_begin ] --END-- [ RunTime:0.000128s ]
ERR: SQLSTATE[HY000] [2013] Lost connection to MySQL server at 'reading initial communication packet', system error: 0

[ 2016-03-14T18:12:22+08:00 ] 10.16.155.217 /html/webframework/webframe/index.php/Admin/Menu/insert
INFO: [ app_begin ] --START--
INFO: Run Behavior\ReadHtmlCacheBehavior [ RunTime:0.000051s ]
INFO: [ app_begin ] --END-- [ RunTime:0.000139s ]
ERR: SQLSTATE[HY000] [2003] Can't connect to MySQL server on '10.16.155.241' (111)

[ 2016-03-14T18:13:06+08:00 ] 10.16.155.217 /html/webframework/webframe/index.php/Admin/Menu/insert
INFO: [ app_begin ] --START--
INFO: Run Behavior\ReadHtmlCacheBehavior [ RunTime:0.000056s ]
INFO: [ app_begin ] --END-- [ RunTime:0.000147s ]
ERR: SQLSTATE[HY000] [2003] Can't connect to MySQL server on '10.16.155.241' (111)

[ 2016-03-14T19:05:53+08:00 ] 10.16.189.153 /html/webframework/webframe/index.php/Admin/Menu/insert
INFO: [ app_begin ] --START--
INFO: Run Behavior\ReadHtmlCacheBehavior [ RunTime:0.000046s ]
INFO: [ app_begin ] --END-- [ RunTime:0.000126s ]
ERR: SQLSTATE[HY000] [2003] Can't connect to MySQL server on '10.16.155.241' (111)

[ 2016-03-14T19:19:06+08:00 ] 10.16.189.153 /html/webframework/webframe/index.php/Admin/Menu/insert
INFO: [ app_begin ] --START--
INFO: Run Behavior\ReadHtmlCacheBehavior [ RunTime:0.000045s ]
INFO: [ app_begin ] --END-- [ RunTime:0.000121s ]
ERR: SQLSTATE[HY000] [2003] Can't connect to MySQL server on '10.16.155.241' (111)

[ 2016-03-14T19:19:27+08:00 ] 10.16.189.153 /html/webframework/webframe/index.php/Admin/Menu/insert
INFO: [ app_begin ] --START--
INFO: Run Behavior\ReadHtmlCacheBehavior [ RunTime:0.000050s ]
INFO: [ app_begin ] --END-- [ RunTime:0.000154s ]
ERR: SQLSTATE[HY000] [2005] Unknown MySQL server host '10.16.155.241:8031' (74)

[ 2016-03-14T19:20:06+08:00 ] 10.16.189.153 /html/webframework/webframe/index.php/Admin/Menu/insert
INFO: [ app_begin ] --START--
INFO: Run Behavior\ReadHtmlCacheBehavior [ RunTime:0.000045s ]
INFO: [ app_begin ] --END-- [ RunTime:0.000118s ]
ERR: SQLSTATE[HY000] [2003] Can't connect to MySQL server on '10.16.155.241' (111)

[ 2016-03-14T19:25:18+08:00 ] 10.16.189.153 /html/webframework/webframe/index.php/Admin/Menu/insert
INFO: [ app_begin ] --START--
INFO: Run Behavior\ReadHtmlCacheBehavior [ RunTime:0.000052s ]
INFO: [ app_begin ] --END-- [ RunTime:0.000142s ]
ERR: SQLSTATE[HY000] [2003] Can't connect to MySQL server on '10.16.155.241' (4)

[ 2016-03-14T19:28:41+08:00 ] 10.16.189.153 /html/webframework/webframe/index.php/Admin/Menu/insert
INFO: [ app_begin ] --START--
INFO: Run Behavior\ReadHtmlCacheBehavior [ RunTime:0.000049s ]
INFO: [ app_begin ] --END-- [ RunTime:0.000135s ]
ERR: SQLSTATE[HY000] [2013] Lost connection to MySQL server at 'reading initial communication packet', system error: 0

[ 2016-03-14T19:32:01+08:00 ] 10.16.189.153 /html/webframework/webframe/index.php/Admin/Menu/insert
INFO: [ app_begin ] --START--
INFO: Run Behavior\ReadHtmlCacheBehavior [ RunTime:0.000054s ]
INFO: [ app_begin ] --END-- [ RunTime:0.000138s ]
ERR: SQLSTATE[28000] [1045] Access denied for user 'root'@'localhost' (using password: YES)

[ 2016-03-14T19:32:56+08:00 ] 10.16.189.153 /html/webframework/webframe/index.php/Admin/Menu/insert
INFO: [ app_begin ] --START--
INFO: Run Behavior\ReadHtmlCacheBehavior [ RunTime:0.000045s ]
INFO: [ app_begin ] --END-- [ RunTime:0.000127s ]
ERR: SQLSTATE[28000] [1045] Access denied for user 'root'@'localhost' (using password: YES)

[ 2016-03-14T19:43:29+08:00 ] 10.16.189.153 /html/webframework/webframe/index.php/Admin/Menu/insert
INFO: [ app_begin ] --START--
INFO: Run Behavior\ReadHtmlCacheBehavior [ RunTime:0.000050s ]
INFO: [ app_begin ] --END-- [ RunTime:0.000146s ]
SQL: SHOW COLUMNS FROM `menu` [ RunTime:0.0011s ]
INFO: [ app_end ] --START--
INFO: Run Behavior\ShowPageTraceBehavior [ RunTime:0.000071s ]
INFO: [ app_end ] --END-- [ RunTime:0.000122s ]

[ 2016-03-14T19:53:56+08:00 ] 10.16.189.153 /html/webframework/webframe/index.php/Admin/Menu/insert
INFO: [ app_begin ] --START--
INFO: Run Behavior\ReadHtmlCacheBehavior [ RunTime:0.000049s ]
INFO: [ app_begin ] --END-- [ RunTime:0.000133s ]
SQL: SHOW COLUMNS FROM `menu` [ RunTime:0.0010s ]
INFO: [ app_end ] --START--
INFO: Run Behavior\ShowPageTraceBehavior [ RunTime:0.000069s ]
INFO: [ app_end ] --END-- [ RunTime:0.000116s ]

[ 2016-03-14T20:36:48+08:00 ] 10.16.189.153 /html/webframework/webframe/index.php/Admin/Menu/insert
INFO: [ app_begin ] --START--
INFO: Run Behavior\ReadHtmlCacheBehavior [ RunTime:0.000050s ]
INFO: [ app_begin ] --END-- [ RunTime:0.000137s ]
NOTIC: [8] Undefined variable: parentid /var/www/html/webframework/webframe/Admin/Controller/MenuController.class.php 第 35 行.
SQL: SHOW COLUMNS FROM `menu` [ RunTime:0.0010s ]
ERR: SQLSTATE[42000]: Syntax error or access violation: 1064 You have an error in your SQL syntax; check the manual that corresponds to your MySQL server version for the right syntax to use near ')' at line 1

[ 2016-03-14T20:38:19+08:00 ] 10.16.189.153 /html/webframework/webframe/index.php/Admin/Menu/insert
INFO: [ app_begin ] --START--
INFO: Run Behavior\ReadHtmlCacheBehavior [ RunTime:0.000055s ]
INFO: [ app_begin ] --END-- [ RunTime:0.000145s ]
SQL: SHOW COLUMNS FROM `menu` [ RunTime:0.0011s ]
ERR: SQLSTATE[42000]: Syntax error or access violation: 1064 You have an error in your SQL syntax; check the manual that corresponds to your MySQL server version for the right syntax to use near ')' at line 1

[ 2016-03-14T20:39:19+08:00 ] 10.16.189.153 /html/webframework/webframe/index.php/Admin/Menu/insert
INFO: [ app_begin ] --START--
INFO: Run Behavior\ReadHtmlCacheBehavior [ RunTime:0.000049s ]
INFO: [ app_begin ] --END-- [ RunTime:0.000129s ]
SQL: SHOW COLUMNS FROM `menu` [ RunTime:0.0010s ]
ERR: SQLSTATE[42000]: Syntax error or access violation: 1064 You have an error in your SQL syntax; check the manual that corresponds to your MySQL server version for the right syntax to use near ')' at line 1

[ 2016-03-14T20:40:44+08:00 ] 10.16.189.153 /html/webframework/webframe/index.php/Admin/Menu/insert
INFO: [ app_begin ] --START--
INFO: Run Behavior\ReadHtmlCacheBehavior [ RunTime:0.000051s ]
INFO: [ app_begin ] --END-- [ RunTime:0.000134s ]
SQL: SHOW COLUMNS FROM `menu` [ RunTime:0.0009s ]
ERR: SQLSTATE[42000]: Syntax error or access violation: 1064 You have an error in your SQL syntax; check the manual that corresponds to your MySQL server version for the right syntax to use near ')' at line 1

[ 2016-03-14T20:41:34+08:00 ] 10.16.189.153 /html/webframework/webframe/index.php/Admin/Menu/insert
INFO: [ app_begin ] --START--
INFO: Run Behavior\ReadHtmlCacheBehavior [ RunTime:0.000051s ]
INFO: [ app_begin ] --END-- [ RunTime:0.000170s ]
SQL: SHOW COLUMNS FROM `menu` [ RunTime:0.0011s ]
ERR: SQLSTATE[42000]: Syntax error or access violation: 1064 You have an error in your SQL syntax; check the manual that corresponds to your MySQL server version for the right syntax to use near ')' at line 1

[ 2016-03-14T20:42:38+08:00 ] 10.16.189.153 /html/webframework/webframe/index.php/Admin/Menu/insert
INFO: [ app_begin ] --START--
INFO: Run Behavior\ReadHtmlCacheBehavior [ RunTime:0.000050s ]
INFO: [ app_begin ] --END-- [ RunTime:0.000136s ]
SQL: SHOW COLUMNS FROM `menu` [ RunTime:0.0009s ]
ERR: SQLSTATE[42000]: Syntax error or access violation: 1064 You have an error in your SQL syntax; check the manual that corresponds to your MySQL server version for the right syntax to use near ')' at line 1

[ 2016-03-14T20:43:58+08:00 ] 10.16.189.153 /html/webframework/webframe/index.php/Admin/Menu/insert
INFO: [ app_begin ] --START--
INFO: Run Behavior\ReadHtmlCacheBehavior [ RunTime:0.000050s ]
INFO: [ app_begin ] --END-- [ RunTime:0.000129s ]
SQL: SHOW COLUMNS FROM `menu` [ RunTime:0.0009s ]
ERR: SQLSTATE[42S22]: Column not found: 1054 Unknown column 'id' in 'field list'

[ 2016-03-14T20:49:27+08:00 ] 10.16.189.153 /html/webframework/webframe/index.php/Admin/Menu/insert
INFO: [ app_begin ] --START--
INFO: Run Behavior\ReadHtmlCacheBehavior [ RunTime:0.000049s ]
INFO: [ app_begin ] --END-- [ RunTime:0.000129s ]
SQL: SHOW COLUMNS FROM `menu` [ RunTime:0.0010s ]
SQL: SELECT `menu_id`,`sort` FROM `menu` WHERE ( sort='1' and parentid='' )  [ RunTime:0.0005s ]
SQL: SHOW COLUMNS FROM `menu` [ RunTime:0.0007s ]
SQL: INSERT INTO `menu` (`parentid`,`menu_name`,`menu_url`,`sort`,`ishidden`) VALUES ('0','已经菜单','con/fun','1','0') [ RunTime:0.0017s ]
INFO: [ app_end ] --START--
INFO: Run Behavior\ShowPageTraceBehavior [ RunTime:0.000078s ]
INFO: [ app_end ] --END-- [ RunTime:0.000129s ]

[ 2016-03-14T20:51:54+08:00 ] 10.16.189.153 /html/webframework/webframe/index.php/Admin/Menu/insert
INFO: [ app_begin ] --START--
INFO: Run Behavior\ReadHtmlCacheBehavior [ RunTime:0.000051s ]
INFO: [ app_begin ] --END-- [ RunTime:0.000136s ]
SQL: SHOW COLUMNS FROM `menu` [ RunTime:0.0010s ]
SQL: SELECT `menu_id`,`sort` FROM `menu` WHERE ( sort='1' and parentid='' )  [ RunTime:0.0005s ]
NOTIC: [8] Undefined variable: id /var/www/html/webframework/webframe/Admin/Controller/MenuController.class.php 第 60 行.
ERR: SQLSTATE[42000]: Syntax error or access violation: 1064 You have an error in your SQL syntax; check the manual that corresponds to your MySQL server version for the right syntax to use near ')' at line 1

[ 2016-03-14T20:52:55+08:00 ] 10.16.189.153 /html/webframework/webframe/index.php/Admin/Menu/insert
INFO: [ app_begin ] --START--
INFO: Run Behavior\ReadHtmlCacheBehavior [ RunTime:0.000052s ]
INFO: [ app_begin ] --END-- [ RunTime:0.000137s ]
SQL: SHOW COLUMNS FROM `menu` [ RunTime:0.0009s ]
SQL: SELECT `menu_id`,`sort` FROM `menu` WHERE ( sort='1' and parentid='' )  [ RunTime:0.0001s ]
NOTIC: [8] Undefined variable: id /var/www/html/webframework/webframe/Admin/Controller/MenuController.class.php 第 60 行.
ERR: SQLSTATE[42000]: Syntax error or access violation: 1064 You have an error in your SQL syntax; check the manual that corresponds to your MySQL server version for the right syntax to use near ')' at line 1

[ 2016-03-14T20:53:34+08:00 ] 10.16.189.153 /html/webframework/webframe/index.php/Admin/Menu/insert
INFO: [ app_begin ] --START--
INFO: Run Behavior\ReadHtmlCacheBehavior [ RunTime:0.000055s ]
INFO: [ app_begin ] --END-- [ RunTime:0.000148s ]
SQL: SHOW COLUMNS FROM `menu` [ RunTime:0.0010s ]
SQL: SELECT `menu_id`,`sort` FROM `menu` WHERE ( sort='1' and parentid='' )  [ RunTime:0.0002s ]
NOTIC: [8] Undefined variable: id /var/www/html/webframework/webframe/Admin/Controller/MenuController.class.php 第 60 行.
ERR: SQLSTATE[42000]: Syntax error or access violation: 1064 You have an error in your SQL syntax; check the manual that corresponds to your MySQL server version for the right syntax to use near ')' at line 1

[ 2016-03-14T20:55:50+08:00 ] 10.16.189.153 /html/webframework/webframe/index.php/Admin/Menu/insert
INFO: [ app_begin ] --START--
INFO: Run Behavior\ReadHtmlCacheBehavior [ RunTime:0.000050s ]
INFO: [ app_begin ] --END-- [ RunTime:0.000136s ]
SQL: SHOW COLUMNS FROM `menu` [ RunTime:0.0009s ]
SQL: SELECT `menu_id`,`sort` FROM `menu` WHERE ( sort='1' and parentid='' )  [ RunTime:0.0001s ]
NOTIC: [8] Undefined variable: id /var/www/html/webframework/webframe/Admin/Controller/MenuController.class.php 第 60 行.
ERR: SQLSTATE[42000]: Syntax error or access violation: 1064 You have an error in your SQL syntax; check the manual that corresponds to your MySQL server version for the right syntax to use near ')' at line 1

[ 2016-03-14T20:56:56+08:00 ] 10.16.189.153 /html/webframework/webframe/index.php/Admin/Menu/insert
INFO: [ app_begin ] --START--
INFO: Run Behavior\ReadHtmlCacheBehavior [ RunTime:0.000049s ]
INFO: [ app_begin ] --END-- [ RunTime:0.000132s ]
SQL: SHOW COLUMNS FROM `menu` [ RunTime:0.0010s ]
SQL: SELECT `menu_id`,`sort` FROM `menu` WHERE ( sort='1' and parentid='' )  [ RunTime:0.0001s ]
NOTIC: [8] Undefined variable: id /var/www/html/webframework/webframe/Admin/Controller/MenuController.class.php 第 60 行.
ERR: SQLSTATE[42000]: Syntax error or access violation: 1064 You have an error in your SQL syntax; check the manual that corresponds to your MySQL server version for the right syntax to use near ')' at line 1

[ 2016-03-14T21:01:17+08:00 ] 10.16.189.153 /html/webframework/webframe/index.php/Admin/Menu/insert
INFO: [ app_begin ] --START--
INFO: Run Behavior\ReadHtmlCacheBehavior [ RunTime:0.000115s ]
INFO: [ app_begin ] --END-- [ RunTime:0.000209s ]
SQL: SHOW COLUMNS FROM `menu` [ RunTime:0.0010s ]
SQL: SELECT `menu_id`,`sort` FROM `menu` WHERE ( sort='1' and parentid='' )  [ RunTime:0.0001s ]

[ 2016-03-14T21:04:49+08:00 ] 10.16.189.153 /html/webframework/webframe/index.php/Admin/Menu/insert
INFO: [ app_begin ] --START--
INFO: Run Behavior\ReadHtmlCacheBehavior [ RunTime:0.000101s ]
INFO: [ app_begin ] --END-- [ RunTime:0.000194s ]
SQL: SHOW COLUMNS FROM `menu` [ RunTime:0.0011s ]
SQL: SELECT `menu_id`,`sort` FROM `menu` WHERE ( sort='2' and parentid='' )  [ RunTime:0.0005s ]
SQL: SHOW COLUMNS FROM `menu` [ RunTime:0.0008s ]
SQL: INSERT INTO `menu` (`parentid`,`menu_name`,`menu_url`,`sort`,`ishidden`) VALUES ('0','一级菜单2','con/fun','2','0') [ RunTime:0.0015s ]
INFO: [ app_end ] --START--
INFO: Run Behavior\ShowPageTraceBehavior [ RunTime:0.000078s ]
INFO: [ app_end ] --END-- [ RunTime:0.000171s ]

[ 2016-03-14T21:14:32+08:00 ] 10.16.189.153 /html/webframework/webframe/index.php/Admin/Menu/insert
INFO: [ app_begin ] --START--
INFO: Run Behavior\ReadHtmlCacheBehavior [ RunTime:0.000048s ]
INFO: [ app_begin ] --END-- [ RunTime:0.000129s ]
SQL: SHOW COLUMNS FROM `menu` [ RunTime:0.0009s ]
SQL: SELECT `menu_id`,`sort` FROM `menu` WHERE ( sort='1' and parentid='' )  [ RunTime:0.0006s ]
ERR: SQLSTATE[42S22]: Column not found: 1054 Unknown column 'id' in 'where clause'

[ 2016-03-14T21:20:48+08:00 ] 10.16.189.153 /html/webframework/webframe/index.php/Admin/Menu/insert
INFO: [ app_begin ] --START--
INFO: Run Behavior\ReadHtmlCacheBehavior [ RunTime:0.000055s ]
INFO: [ app_begin ] --END-- [ RunTime:0.000149s ]
SQL: SHOW COLUMNS FROM `menu` [ RunTime:0.0012s ]
SQL: SELECT `menu_id`,`sort` FROM `menu` WHERE ( sort='1' and parentid='' )  [ RunTime:0.0003s ]
NOTIC: [8] Undefined index: menu_id /var/www/html/webframework/webframe/Admin/Controller/MenuController.class.php 第 60 行.
SQL: UPDATE `menu` SET `sort`='2' WHERE ( menu_id='' ) [ RunTime:0.0006s ]

[ 2016-03-14T21:22:06+08:00 ] 10.16.189.153 /html/webframework/webframe/index.php/Admin/Menu/insert
INFO: [ app_begin ] --START--
INFO: Run Behavior\ReadHtmlCacheBehavior [ RunTime:0.000045s ]
INFO: [ app_begin ] --END-- [ RunTime:0.000131s ]
SQL: SHOW COLUMNS FROM `menu` [ RunTime:0.0009s ]
SQL: SELECT `menu_id`,`sort` FROM `menu` WHERE ( sort='1' and parentid='' )  [ RunTime:0.0002s ]
NOTIC: [8] Undefined index: menu_id /var/www/html/webframework/webframe/Admin/Controller/MenuController.class.php 第 60 行.
SQL: UPDATE `menu` SET `sort`='2' WHERE ( menu_id='' ) [ RunTime:0.0004s ]
NOTIC: [8] Undefined index: ishidden /var/www/html/webframework/webframe/Admin/Controller/MenuController.class.php 第 43 行.
SQL: SHOW COLUMNS FROM `menu` [ RunTime:0.0007s ]
ERR: SQLSTATE[23000]: Integrity constraint violation: 1048 Column 'ishidden' cannot be null

[ 2016-03-14T21:23:45+08:00 ] 10.16.189.153 /html/webframework/webframe/index.php/Admin/Menu/insert
INFO: [ app_begin ] --START--
INFO: Run Behavior\ReadHtmlCacheBehavior [ RunTime:0.000050s ]
INFO: [ app_begin ] --END-- [ RunTime:0.000175s ]
SQL: SHOW COLUMNS FROM `menu` [ RunTime:0.0012s ]
SQL: SELECT `menu_id`,`sort` FROM `menu` WHERE ( sort='1' and parentid='' )  [ RunTime:0.0003s ]
NOTIC: [8] Undefined index: menu_id /var/www/html/webframework/webframe/Admin/Controller/MenuController.class.php 第 60 行.
SQL: UPDATE `menu` SET `sort`='2' WHERE ( menu_id='' ) [ RunTime:0.0006s ]
NOTIC: [8] Undefined index: ishidden /var/www/html/webframework/webframe/Admin/Controller/MenuController.class.php 第 43 行.
SQL: SHOW COLUMNS FROM `menu` [ RunTime:0.0008s ]
ERR: SQLSTATE[23000]: Integrity constraint violation: 1048 Column 'ishidden' cannot be null

[ 2016-03-14T21:26:07+08:00 ] 10.16.189.153 /html/webframework/webframe/index.php/Admin/Menu/insert
INFO: [ app_begin ] --START--
INFO: Run Behavior\ReadHtmlCacheBehavior [ RunTime:0.000046s ]
INFO: [ app_begin ] --END-- [ RunTime:0.000187s ]
SQL: SHOW COLUMNS FROM `menu` [ RunTime:0.0012s ]
SQL: SELECT `menu_id`,`sort` FROM `menu` WHERE ( sort='1' and parentid='' )  [ RunTime:0.0001s ]
NOTIC: [8] Undefined index: menu_id /var/www/html/webframework/webframe/Admin/Controller/MenuController.class.php 第 60 行.
SQL: UPDATE `menu` SET `sort`='2' WHERE ( menu_id='' ) [ RunTime:0.0005s ]
NOTIC: [8] Undefined index: ishidden /var/www/html/webframework/webframe/Admin/Controller/MenuController.class.php 第 43 行.
SQL: SHOW COLUMNS FROM `menu` [ RunTime:0.0007s ]
ERR: SQLSTATE[23000]: Integrity constraint violation: 1048 Column 'ishidden' cannot be null

[ 2016-03-14T21:27:01+08:00 ] 10.16.189.153 /html/webframework/webframe/index.php/Admin/Menu/insert
INFO: [ app_begin ] --START--
INFO: Run Behavior\ReadHtmlCacheBehavior [ RunTime:0.000045s ]
INFO: [ app_begin ] --END-- [ RunTime:0.000123s ]
SQL: SHOW COLUMNS FROM `menu` [ RunTime:0.0010s ]
SQL: SELECT `menu_id`,`sort` FROM `menu` WHERE ( sort='1' and parentid='' )  [ RunTime:0.0001s ]
NOTIC: [8] Undefined index: menu_id /var/www/html/webframework/webframe/Admin/Controller/MenuController.class.php 第 60 行.
SQL: UPDATE `menu` SET `sort`='2' WHERE ( menu_id='' ) [ RunTime:0.0007s ]
NOTIC: [8] Undefined index: ishidden /var/www/html/webframework/webframe/Admin/Controller/MenuController.class.php 第 43 行.
SQL: SHOW COLUMNS FROM `menu` [ RunTime:0.0007s ]
ERR: SQLSTATE[23000]: Integrity constraint violation: 1048 Column 'ishidden' cannot be null

[ 2016-03-14T21:32:18+08:00 ] 10.16.189.153 /html/webframework/webframe/index.php/Admin/Menu/insert
INFO: [ app_begin ] --START--
INFO: Run Behavior\ReadHtmlCacheBehavior [ RunTime:0.000050s ]
INFO: [ app_begin ] --END-- [ RunTime:0.000140s ]
SQL: SHOW COLUMNS FROM `menu` [ RunTime:0.0014s ]
SQL: SELECT `menu_id`,`sort` FROM `menu` WHERE ( sort='1' and parentid='' )  [ RunTime:0.0002s ]
NOTIC: [8] Undefined index: menu_id /var/www/html/webframework/webframe/Admin/Controller/MenuController.class.php 第 60 行.
SQL: UPDATE `menu` SET `sort`='2' WHERE ( menu_id='' ) [ RunTime:0.0007s ]

[ 2016-03-14T21:33:03+08:00 ] 10.16.189.153 /html/webframework/webframe/index.php/Admin/Menu/insert
INFO: [ app_begin ] --START--
INFO: Run Behavior\ReadHtmlCacheBehavior [ RunTime:0.000044s ]
INFO: [ app_begin ] --END-- [ RunTime:0.000120s ]
SQL: SHOW COLUMNS FROM `menu` [ RunTime:0.0010s ]
SQL: SELECT `menu_id`,`sort` FROM `menu` WHERE ( sort='1' and parentid='' )  [ RunTime:0.0001s ]
NOTIC: [8] Undefined index: menu_id /var/www/html/webframework/webframe/Admin/Controller/MenuController.class.php 第 60 行.
SQL: UPDATE `menu` SET `sort`='2' WHERE ( menu_id='' ) [ RunTime:0.0005s ]

[ 2016-03-14T21:34:46+08:00 ] 10.16.189.153 /html/webframework/webframe/index.php/Admin/Menu/insert
INFO: [ app_begin ] --START--
INFO: Run Behavior\ReadHtmlCacheBehavior [ RunTime:0.000050s ]
INFO: [ app_begin ] --END-- [ RunTime:0.000132s ]
SQL: SHOW COLUMNS FROM `menu` [ RunTime:0.0010s ]
SQL: SELECT `menu_id`,`sort` FROM `menu` WHERE ( sort='1' and parentid='' )  [ RunTime:0.0001s ]
NOTIC: [8] Undefined index: menu_id /var/www/html/webframework/webframe/Admin/Controller/MenuController.class.php 第 60 行.
SQL: UPDATE `menu` SET `sort`='2' WHERE ( menu_id='' ) [ RunTime:0.0005s ]

[ 2016-03-14T21:35:42+08:00 ] 10.16.189.153 /html/webframework/webframe/index.php/Admin/Menu/insert
INFO: [ app_begin ] --START--
INFO: Run Behavior\ReadHtmlCacheBehavior [ RunTime:0.000052s ]
INFO: [ app_begin ] --END-- [ RunTime:0.000140s ]
SQL: SHOW COLUMNS FROM `menu` [ RunTime:0.0011s ]
SQL: SELECT `menu_id`,`sort` FROM `menu` WHERE ( sort='1' and parentid='' )  [ RunTime:0.0002s ]
NOTIC: [8] Undefined index: menu_id /var/www/html/webframework/webframe/Admin/Controller/MenuController.class.php 第 60 行.
SQL: UPDATE `menu` SET `sort`='2' WHERE ( menu_id='' ) [ RunTime:0.0005s ]

[ 2016-03-14T21:37:15+08:00 ] 10.16.189.153 /html/webframework/webframe/index.php/Admin/Menu/insert
INFO: [ app_begin ] --START--
INFO: Run Behavior\ReadHtmlCacheBehavior [ RunTime:0.000050s ]
INFO: [ app_begin ] --END-- [ RunTime:0.000132s ]
SQL: SHOW COLUMNS FROM `menu` [ RunTime:0.0009s ]
SQL: SELECT `menu_id`,`sort` FROM `menu` WHERE ( sort='1' and parentid='' )  [ RunTime:0.0002s ]
NOTIC: [8] Undefined index: menu_id /var/www/html/webframework/webframe/Admin/Controller/MenuController.class.php 第 61 行.
SQL: UPDATE `menu` SET `sort`='2' WHERE ( menu_id='' ) [ RunTime:0.0005s ]

[ 2016-03-14T21:43:04+08:00 ] 10.16.189.153 /html/webframework/webframe/index.php/Admin/Menu/insert
INFO: [ app_begin ] --START--
INFO: Run Behavior\ReadHtmlCacheBehavior [ RunTime:0.000070s ]
INFO: [ app_begin ] --END-- [ RunTime:0.000269s ]
SQL: SHOW COLUMNS FROM `menu` [ RunTime:0.0009s ]
SQL: SELECT `menu_id`,`sort` FROM `menu` WHERE ( sort='1' and parentid='' )  [ RunTime:0.0001s ]
NOTIC: [8] Undefined index: menu_id /var/www/html/webframework/webframe/Admin/Controller/MenuController.class.php 第 61 行.
SQL: UPDATE `menu` SET `sort`='2' WHERE ( menu_id='' ) [ RunTime:0.0005s ]

[ 2016-03-14T21:52:23+08:00 ] 10.16.189.153 /html/webframework/webframe/index.php/Admin/Menu/insert
INFO: [ app_begin ] --START--
INFO: Run Behavior\ReadHtmlCacheBehavior [ RunTime:0.000048s ]
INFO: [ app_begin ] --END-- [ RunTime:0.000132s ]
SQL: SHOW COLUMNS FROM `menu` [ RunTime:0.0009s ]
SQL: SELECT `menu_id`,`sort` FROM `menu` WHERE ( sort='1' and parentid='' )  [ RunTime:0.0002s ]
NOTIC: [8] Undefined index: menu_id /var/www/html/webframework/webframe/Admin/Controller/MenuController.class.php 第 59 行.
SQL: UPDATE `menu` SET `sort`='2' WHERE ( menu_id='' ) [ RunTime:0.0004s ]

[ 2016-03-14T21:53:17+08:00 ] 10.16.189.153 /html/webframework/webframe/index.php/Admin/Menu/insert
INFO: [ app_begin ] --START--
INFO: Run Behavior\ReadHtmlCacheBehavior [ RunTime:0.000051s ]
INFO: [ app_begin ] --END-- [ RunTime:0.000135s ]
SQL: SHOW COLUMNS FROM `menu` [ RunTime:0.0009s ]
SQL: SELECT `menu_id`,`sort` FROM `menu` WHERE ( sort='1' and parentid='' )  [ RunTime:0.0001s ]
SQL: UPDATE `menu` SET `sort`='2' WHERE ( menu_id='1' ) [ RunTime:0.0020s ]

[ 2016-03-14T21:53:58+08:00 ] 10.16.189.153 /html/webframework/webframe/index.php/Admin/Menu/insert
INFO: [ app_begin ] --START--
INFO: Run Behavior\ReadHtmlCacheBehavior [ RunTime:0.000054s ]
INFO: [ app_begin ] --END-- [ RunTime:0.000143s ]
SQL: SHOW COLUMNS FROM `menu` [ RunTime:0.0011s ]
SQL: SELECT `menu_id`,`sort` FROM `menu` WHERE ( sort='1' and parentid='' )  [ RunTime:0.0006s ]
SQL: UPDATE `menu` SET `sort`='2' WHERE ( menu_id='1' ) [ RunTime:0.0014s ]

[ 2016-03-14T21:54:32+08:00 ] 10.16.189.153 /html/webframework/webframe/index.php/Admin/Menu/insert
INFO: [ app_begin ] --START--
INFO: Run Behavior\ReadHtmlCacheBehavior [ RunTime:0.000045s ]
INFO: [ app_begin ] --END-- [ RunTime:0.000120s ]
SQL: SHOW COLUMNS FROM `menu` [ RunTime:0.0009s ]
SQL: SELECT `menu_id`,`sort` FROM `menu` WHERE ( sort='1' and parentid='' )  [ RunTime:0.0003s ]
SQL: SHOW COLUMNS FROM `menu` [ RunTime:0.0006s ]
SQL: INSERT INTO `menu` (`parentid`,`menu_name`,`menu_url`,`sort`,`ishidden`) VALUES ('0','已经菜单3','con/fun','1','0') [ RunTime:0.0014s ]
INFO: [ app_end ] --START--
INFO: Run Behavior\ShowPageTraceBehavior [ RunTime:0.000069s ]
INFO: [ app_end ] --END-- [ RunTime:0.000114s ]

[ 2016-03-14T21:54:54+08:00 ] 10.16.189.153 /html/webframework/webframe/index.php/Admin/Menu/insert
INFO: [ app_begin ] --START--
INFO: Run Behavior\ReadHtmlCacheBehavior [ RunTime:0.000049s ]
INFO: [ app_begin ] --END-- [ RunTime:0.000132s ]
SQL: SHOW COLUMNS FROM `menu` [ RunTime:0.0010s ]
SQL: SELECT `menu_id`,`sort` FROM `menu` WHERE ( sort='2' and parentid='' )  [ RunTime:0.0004s ]
SQL: UPDATE `menu` SET `sort`='3' WHERE ( menu_id='1' ) [ RunTime:0.0015s ]
SQL: SELECT `menu_id`,`sort` FROM `menu` WHERE ( sort='2' and parentid='' )  [ RunTime:0.0003s ]
SQL: UPDATE `menu` SET `sort`='3' WHERE ( menu_id='2' ) [ RunTime:0.0006s ]
SQL: SELECT `menu_id`,`sort` FROM `menu` WHERE ( sort='2' and parentid='' )  [ RunTime:0.0003s ]
SQL: SHOW COLUMNS FROM `menu` [ RunTime:0.0008s ]
SQL: INSERT INTO `menu` (`parentid`,`menu_name`,`menu_url`,`sort`,`ishidden`) VALUES ('0','已经菜单4','con/fun','2','0') [ RunTime:0.0012s ]
INFO: [ app_end ] --START--
INFO: Run Behavior\ShowPageTraceBehavior [ RunTime:0.000078s ]
INFO: [ app_end ] --END-- [ RunTime:0.000188s ]

