[ 2016-03-16T09:06:44+08:00 ] 10.16.189.153 /html/webframework/webframe/index.php/Admin/Login/showLogin
ERR: 模板不存在:/var/www/html/webframework/webframe/Admin/View/Login/link.html

[ 2016-03-16T09:06:52+08:00 ] 10.16.189.153 /html/webframework/webframe/index.php/Admin/Login/showLogin
ERR: 模板不存在:/var/www/html/webframework/webframe/Admin/View/Login/link.html

[ 2016-03-16T09:45:17+08:00 ] 10.16.189.153 /html/webframework/webframe/index.php/Admin/Login/plans.html
ERR: 非法操作:plans

[ 2016-03-16T10:19:28+08:00 ] 10.16.189.153 /html/webframework/webframe/index.php/Admin/Login/left
ERR: Think\Model:orderby方法不存在！

[ 2016-03-16T10:19:51+08:00 ] 10.16.189.153 /html/webframework/webframe/index.php/Admin/Login/left
ERR: Think\Model:orderBy方法不存在！

[ 2016-03-16T11:55:26+08:00 ] 10.16.189.153 /html/webframework/webframe/index.php/Admin/Menu/ajaxIndex?limit=15&offset=0&sort=id&order=desc&UserName=4
INFO: [ app_begin ] --START--
INFO: Run Behavior\ReadHtmlCacheBehavior [ RunTime:0.000049s ]
INFO: [ app_begin ] --END-- [ RunTime:0.000122s ]
SQL: SHOW COLUMNS FROM `menu` [ RunTime:0.0010s ]
SQL: SELECT `menu_id`,`menu_name`,`parentid`,`menu_url`,`sort`,`ishidden` FROM `menu` WHERE ( parentid=0 ) ORDER BY sort asc  [ RunTime:0.0002s ]
SQL: SELECT COUNT(*) AS tp_count FROM `menu` LIMIT 1   [ RunTime:0.0002s ]

[ 2016-03-16T11:55:30+08:00 ] 10.16.189.153 /html/webframework/webframe/index.php/Admin/Menu/childAjaxIndex?limit=15&offset=0&sort=id&order=desc&menu_id=12&UserName=4
INFO: [ app_begin ] --START--
INFO: Run Behavior\ReadHtmlCacheBehavior [ RunTime:0.000042s ]
INFO: [ app_begin ] --END-- [ RunTime:0.000109s ]
SQL: SHOW COLUMNS FROM `menu` [ RunTime:0.0009s ]
SQL: SELECT `menu_id`,`menu_name`,`parentid`,`menu_url`,`sort`,`ishidden` FROM `menu` WHERE ( parentid='12' ) ORDER BY sort asc  [ RunTime:0.0005s ]
NOTIC: [8] Undefined variable: parentid /var/www/html/webframework/webframe/Admin/Controller/MenuController.class.php 第 132 行.
SQL: SELECT COUNT(*) AS tp_count FROM `menu` WHERE ( parentid='' ) LIMIT 1   [ RunTime:0.0001s ]

[ 2016-03-16T11:55:47+08:00 ] 10.16.189.153 /html/webframework/webframe/index.php/Admin/Menu/insert
INFO: [ app_begin ] --START--
INFO: Run Behavior\ReadHtmlCacheBehavior [ RunTime:0.000057s ]
INFO: [ app_begin ] --END-- [ RunTime:0.000144s ]
SQL: SHOW COLUMNS FROM `menu` [ RunTime:0.0010s ]
SQL: SELECT `menu_id`,`sort` FROM `menu` WHERE ( sort='1' and parentid='12' )  [ RunTime:0.0005s ]
SQL: SHOW COLUMNS FROM `menu` [ RunTime:0.0009s ]
SQL: INSERT INTO `menu` (`parentid`,`menu_name`,`menu_url`,`sort`,`ishidden`) VALUES ('12','一级菜单7子菜单1','con/fun','1','0') [ RunTime:0.0022s ]

[ 2016-03-16T11:55:47+08:00 ] 10.16.189.153 /html/webframework/webframe/index.php/Admin/Menu/childAjaxIndex?limit=15&offset=0&sort=id&order=desc&menu_id=12&UserName=4
INFO: [ app_begin ] --START--
INFO: Run Behavior\ReadHtmlCacheBehavior [ RunTime:0.000049s ]
INFO: [ app_begin ] --END-- [ RunTime:0.000119s ]
SQL: SHOW COLUMNS FROM `menu` [ RunTime:0.0008s ]
SQL: SELECT `menu_id`,`menu_name`,`parentid`,`menu_url`,`sort`,`ishidden` FROM `menu` WHERE ( parentid='12' ) ORDER BY sort asc  [ RunTime:0.0004s ]
NOTIC: [8] Undefined variable: parentid /var/www/html/webframework/webframe/Admin/Controller/MenuController.class.php 第 132 行.
SQL: SELECT COUNT(*) AS tp_count FROM `menu` WHERE ( parentid='' ) LIMIT 1   [ RunTime:0.0004s ]

[ 2016-03-16T11:56:01+08:00 ] 10.16.189.153 /html/webframework/webframe/index.php/Admin/Menu/insert
INFO: [ app_begin ] --START--
INFO: Run Behavior\ReadHtmlCacheBehavior [ RunTime:0.000054s ]
INFO: [ app_begin ] --END-- [ RunTime:0.000152s ]
SQL: SHOW COLUMNS FROM `menu` [ RunTime:0.0010s ]
SQL: SELECT `menu_id`,`sort` FROM `menu` WHERE ( sort='2' and parentid='12' )  [ RunTime:0.0006s ]
SQL: SHOW COLUMNS FROM `menu` [ RunTime:0.0008s ]
SQL: INSERT INTO `menu` (`parentid`,`menu_name`,`menu_url`,`sort`,`ishidden`) VALUES ('12','一级菜单子菜单2','con/fun','2','0') [ RunTime:0.0018s ]

[ 2016-03-16T11:56:01+08:00 ] 10.16.189.153 /html/webframework/webframe/index.php/Admin/Menu/childAjaxIndex?limit=15&offset=0&sort=id&order=desc&menu_id=12&UserName=4
INFO: [ app_begin ] --START--
INFO: Run Behavior\ReadHtmlCacheBehavior [ RunTime:0.000044s ]
INFO: [ app_begin ] --END-- [ RunTime:0.000112s ]
SQL: SHOW COLUMNS FROM `menu` [ RunTime:0.0010s ]
SQL: SELECT `menu_id`,`menu_name`,`parentid`,`menu_url`,`sort`,`ishidden` FROM `menu` WHERE ( parentid='12' ) ORDER BY sort asc  [ RunTime:0.0005s ]
NOTIC: [8] Undefined variable: parentid /var/www/html/webframework/webframe/Admin/Controller/MenuController.class.php 第 132 行.
SQL: SELECT COUNT(*) AS tp_count FROM `menu` WHERE ( parentid='' ) LIMIT 1   [ RunTime:0.0003s ]

[ 2016-03-16T12:11:17+08:00 ] 10.16.189.153 /html/webframework/webframe/index.php/Admin/Menu/ajaxIndex?limit=15&offset=0&sort=id&order=desc&UserName=4
INFO: [ app_begin ] --START--
INFO: Run Behavior\ReadHtmlCacheBehavior [ RunTime:0.000047s ]
INFO: [ app_begin ] --END-- [ RunTime:0.000120s ]
SQL: SHOW COLUMNS FROM `menu` [ RunTime:0.0009s ]
SQL: SELECT `menu_id`,`menu_name`,`parentid`,`menu_url`,`sort`,`ishidden` FROM `menu` WHERE ( parentid=0 ) ORDER BY sort asc  [ RunTime:0.0006s ]
SQL: SELECT COUNT(*) AS tp_count FROM `menu` LIMIT 1   [ RunTime:0.0003s ]

[ 2016-03-16T12:11:38+08:00 ] 10.16.189.153 /html/webframework/webframe/index.php/Admin/Menu/update
INFO: [ app_begin ] --START--
INFO: Run Behavior\ReadHtmlCacheBehavior [ RunTime:0.000057s ]
INFO: [ app_begin ] --END-- [ RunTime:0.000196s ]
SQL: SHOW COLUMNS FROM `menu` [ RunTime:0.0010s ]
SQL: SELECT `menu_id`,`sort` FROM `menu` WHERE ( sort='2' and parentid='0' )  [ RunTime:0.0005s ]
SQL: SELECT `parentid`,`sort`,`menu_id` FROM `menu` WHERE ( sort='3' and parentid='0' )  [ RunTime:0.0003s ]
SQL: UPDATE `menu` SET `sort`='3' WHERE ( menu_id='11' ) [ RunTime:0.0015s ]
SQL: SELECT `menu_id`,`sort` FROM `menu` WHERE ( menu_id='12' )  [ RunTime:0.0003s ]
SQL: SELECT `parentid`,`sort`,`menu_id` FROM `menu` WHERE ( sort='4' and parentid='0' )  [ RunTime:0.0003s ]
SQL: UPDATE `menu` SET `sort`='4' WHERE ( menu_id='12' ) [ RunTime:0.0014s ]
SQL: SELECT `menu_id`,`sort` FROM `menu` WHERE ( menu_id='10' )  [ RunTime:0.0003s ]
SQL: SELECT `parentid`,`sort`,`menu_id` FROM `menu` WHERE ( sort='5' and parentid='0' )  [ RunTime:0.0004s ]
SQL: UPDATE `menu` SET `sort`='5' WHERE ( menu_id='10' ) [ RunTime:0.0012s ]
SQL: SELECT `menu_id`,`sort` FROM `menu` WHERE ( menu_id='1' )  [ RunTime:0.0003s ]
SQL: SELECT `parentid`,`sort`,`menu_id` FROM `menu` WHERE ( sort='6' and parentid='0' )  [ RunTime:0.0003s ]
SQL: UPDATE `menu` SET `sort`='6' WHERE ( menu_id='1' ) [ RunTime:0.0007s ]
SQL: SELECT `menu_id`,`sort` FROM `menu` WHERE ( menu_id='2' )  [ RunTime:0.0003s ]
SQL: SELECT `parentid`,`sort`,`menu_id` FROM `menu` WHERE ( sort='7' and parentid='0' )  [ RunTime:0.0004s ]
SQL: UPDATE `menu` SET `sort`='7' WHERE ( menu_id='2' ) [ RunTime:0.0013s ]
SQL: SELECT `menu_id`,`sort` FROM `menu` WHERE ( menu_id='3' )  [ RunTime:0.0003s ]
SQL: SELECT `parentid`,`sort`,`menu_id` FROM `menu` WHERE ( sort='8' and parentid='0' )  [ RunTime:0.0004s ]
SQL: UPDATE `menu` SET `sort`='8' WHERE ( menu_id='3' ) [ RunTime:0.0006s ]
SQL: SELECT `menu_id`,`sort` FROM `menu` WHERE ( menu_id='4' )  [ RunTime:0.0003s ]
SQL: SELECT `parentid`,`sort`,`menu_id` FROM `menu` WHERE ( sort='9' and parentid='0' )  [ RunTime:0.0004s ]
SQL: UPDATE `menu` SET `sort`='9' WHERE ( menu_id='4' ) [ RunTime:0.0012s ]
NOTIC: [8] Undefined offset: 0 /var/www/html/webframework/webframe/Admin/Controller/MenuController.class.php 第 69 行.
NOTIC: [8] Undefined offset: 0 /var/www/html/webframework/webframe/Admin/Controller/MenuController.class.php 第 69 行.
NOTIC: [8] Undefined offset: 0 /var/www/html/webframework/webframe/Admin/Controller/MenuController.class.php 第 69 行.
SQL: SELECT `menu_id`,`sort` FROM `menu` WHERE ( sort='' and parentid='' )  [ RunTime:0.0004s ]
SQL: SHOW COLUMNS FROM `menu` [ RunTime:0.0008s ]
SQL: UPDATE `menu` SET `menu_id`='11',`menu_name`='系统管理',`parentid`='0',`menu_url`='con/fun',`sort`='2',`ishidden`='0' WHERE ( menu_id='11' ) [ RunTime:0.0012s ]

[ 2016-03-16T12:11:38+08:00 ] 10.16.189.153 /html/webframework/webframe/index.php/Admin/Menu/ajaxIndex?limit=15&offset=0&sort=id&order=desc&UserName=4
INFO: [ app_begin ] --START--
INFO: Run Behavior\ReadHtmlCacheBehavior [ RunTime:0.000086s ]
INFO: [ app_begin ] --END-- [ RunTime:0.000157s ]
SQL: SHOW COLUMNS FROM `menu` [ RunTime:0.0008s ]
SQL: SELECT `menu_id`,`menu_name`,`parentid`,`menu_url`,`sort`,`ishidden` FROM `menu` WHERE ( parentid=0 ) ORDER BY sort asc  [ RunTime:0.0004s ]
SQL: SELECT COUNT(*) AS tp_count FROM `menu` LIMIT 1   [ RunTime:0.0003s ]

[ 2016-03-16T12:11:41+08:00 ] 10.16.189.153 /html/webframework/webframe/index.php/Admin/Menu/childAjaxIndex?limit=15&offset=0&sort=id&order=desc&menu_id=11&UserName=4
INFO: [ app_begin ] --START--
INFO: Run Behavior\ReadHtmlCacheBehavior [ RunTime:0.000042s ]
INFO: [ app_begin ] --END-- [ RunTime:0.000112s ]
SQL: SHOW COLUMNS FROM `menu` [ RunTime:0.0008s ]
SQL: SELECT `menu_id`,`menu_name`,`parentid`,`menu_url`,`sort`,`ishidden` FROM `menu` WHERE ( parentid='11' ) ORDER BY sort asc  [ RunTime:0.0004s ]
NOTIC: [8] Undefined variable: parentid /var/www/html/webframework/webframe/Admin/Controller/MenuController.class.php 第 132 行.
SQL: SELECT COUNT(*) AS tp_count FROM `menu` WHERE ( parentid='' ) LIMIT 1   [ RunTime:0.0003s ]

[ 2016-03-16T12:12:00+08:00 ] 10.16.189.153 /html/webframework/webframe/index.php/Admin/Menu/update
INFO: [ app_begin ] --START--
INFO: Run Behavior\ReadHtmlCacheBehavior [ RunTime:0.000052s ]
INFO: [ app_begin ] --END-- [ RunTime:0.000151s ]
SQL: SHOW COLUMNS FROM `menu` [ RunTime:0.0010s ]
SQL: SELECT `menu_id`,`sort` FROM `menu` WHERE ( sort='1' and parentid='11' )  [ RunTime:0.0005s ]
SQL: SELECT `parentid`,`sort`,`menu_id` FROM `menu` WHERE ( sort='2' and parentid='11' )  [ RunTime:0.0003s ]
SQL: UPDATE `menu` SET `sort`='2' WHERE ( menu_id='17' ) [ RunTime:0.0018s ]
SQL: SELECT `menu_id`,`sort` FROM `menu` WHERE ( menu_id='14' )  [ RunTime:0.0004s ]
SQL: SELECT `parentid`,`sort`,`menu_id` FROM `menu` WHERE ( sort='3' and parentid='11' )  [ RunTime:0.0003s ]
SQL: UPDATE `menu` SET `sort`='3' WHERE ( menu_id='14' ) [ RunTime:0.0008s ]
SQL: SELECT `menu_id`,`sort` FROM `menu` WHERE ( menu_id='13' )  [ RunTime:0.0003s ]
SQL: SELECT `parentid`,`sort`,`menu_id` FROM `menu` WHERE ( sort='4' and parentid='11' )  [ RunTime:0.0003s ]
SQL: UPDATE `menu` SET `sort`='4' WHERE ( menu_id='13' ) [ RunTime:0.0012s ]
NOTIC: [8] Undefined offset: 0 /var/www/html/webframework/webframe/Admin/Controller/MenuController.class.php 第 69 行.
NOTIC: [8] Undefined offset: 0 /var/www/html/webframework/webframe/Admin/Controller/MenuController.class.php 第 69 行.
NOTIC: [8] Undefined offset: 0 /var/www/html/webframework/webframe/Admin/Controller/MenuController.class.php 第 69 行.
SQL: SELECT `menu_id`,`sort` FROM `menu` WHERE ( sort='' and parentid='' )  [ RunTime:0.0003s ]
SQL: SHOW COLUMNS FROM `menu` [ RunTime:0.0009s ]
SQL: UPDATE `menu` SET `menu_id`='17',`menu_name`='菜单管理',`parentid`='11',`menu_url`='Menu/index',`sort`='1',`ishidden`='0' WHERE ( menu_id='17' ) [ RunTime:0.0012s ]

[ 2016-03-16T12:12:00+08:00 ] 10.16.189.153 /html/webframework/webframe/index.php/Admin/Menu/childAjaxIndex?limit=15&offset=0&sort=id&order=desc&menu_id=11&UserName=4
INFO: [ app_begin ] --START--
INFO: Run Behavior\ReadHtmlCacheBehavior [ RunTime:0.000046s ]
INFO: [ app_begin ] --END-- [ RunTime:0.000113s ]
SQL: SHOW COLUMNS FROM `menu` [ RunTime:0.0008s ]
SQL: SELECT `menu_id`,`menu_name`,`parentid`,`menu_url`,`sort`,`ishidden` FROM `menu` WHERE ( parentid='11' ) ORDER BY sort asc  [ RunTime:0.0004s ]
NOTIC: [8] Undefined variable: parentid /var/www/html/webframework/webframe/Admin/Controller/MenuController.class.php 第 132 行.
SQL: SELECT COUNT(*) AS tp_count FROM `menu` WHERE ( parentid='' ) LIMIT 1   [ RunTime:0.0003s ]

[ 2016-03-16T13:12:55+08:00 ] 10.16.189.153 /html/webframework/webframe/index.php/Admin/Menu/ajaxIndex?limit=15&offset=0&sort=id&order=desc&UserName=4
INFO: [ app_begin ] --START--
INFO: Run Behavior\ReadHtmlCacheBehavior [ RunTime:0.000044s ]
INFO: [ app_begin ] --END-- [ RunTime:0.000111s ]
SQL: SHOW COLUMNS FROM `menu` [ RunTime:0.0009s ]
SQL: SELECT `menu_id`,`menu_name`,`parentid`,`menu_url`,`sort`,`ishidden` FROM `menu` WHERE ( parentid=0 ) ORDER BY sort asc  [ RunTime:0.0007s ]
SQL: SELECT COUNT(*) AS tp_count FROM `menu` LIMIT 1   [ RunTime:0.0003s ]

[ 2016-03-16T13:13:21+08:00 ] 10.16.189.153 /html/webframework/webframe/index.php/Admin/Menu/ajaxIndex?limit=15&offset=0&sort=id&order=desc&UserName=4
INFO: [ app_begin ] --START--
INFO: Run Behavior\ReadHtmlCacheBehavior [ RunTime:0.000058s ]
INFO: [ app_begin ] --END-- [ RunTime:0.000142s ]
SQL: SHOW COLUMNS FROM `menu` [ RunTime:0.0009s ]
SQL: SELECT `menu_id`,`menu_name`,`parentid`,`menu_url`,`sort`,`ishidden` FROM `menu` WHERE ( parentid=0 ) ORDER BY sort asc  [ RunTime:0.0002s ]
SQL: SELECT COUNT(*) AS tp_count FROM `menu` LIMIT 1   [ RunTime:0.0001s ]

[ 2016-03-16T13:13:37+08:00 ] 10.16.189.153 /html/webframework/webframe/index.php/Admin/Menu/ajaxIndex?limit=15&offset=0&sort=id&order=desc&UserName=4
INFO: [ app_begin ] --START--
INFO: Run Behavior\ReadHtmlCacheBehavior [ RunTime:0.000084s ]
INFO: [ app_begin ] --END-- [ RunTime:0.000160s ]
SQL: SHOW COLUMNS FROM `menu` [ RunTime:0.0010s ]
SQL: SELECT `menu_id`,`menu_name`,`parentid`,`menu_url`,`sort`,`ishidden` FROM `menu` WHERE ( parentid=0 ) ORDER BY sort asc  [ RunTime:0.0002s ]
SQL: SELECT COUNT(*) AS tp_count FROM `menu` LIMIT 1   [ RunTime:0.0001s ]

[ 2016-03-16T13:16:18+08:00 ] 10.16.189.153 /html/webframework/webframe/index.php/Admin/Menu/ajaxIndex?limit=15&offset=0&sort=id&order=desc&UserName=4
INFO: [ app_begin ] --START--
INFO: Run Behavior\ReadHtmlCacheBehavior [ RunTime:0.000042s ]
INFO: [ app_begin ] --END-- [ RunTime:0.000107s ]
SQL: SHOW COLUMNS FROM `menu` [ RunTime:0.0009s ]
SQL: SELECT `menu_id`,`menu_name`,`parentid`,`menu_url`,`sort`,`ishidden` FROM `menu` WHERE ( parentid=0 ) ORDER BY sort asc  [ RunTime:0.0001s ]
SQL: SELECT COUNT(*) AS tp_count FROM `menu` LIMIT 1   [ RunTime:0.0001s ]

[ 2016-03-16T13:16:58+08:00 ] 10.16.189.153 /html/webframework/webframe/index.php/Admin/Menu/ajaxIndex?limit=15&offset=0&sort=id&order=desc&UserName=4
INFO: [ app_begin ] --START--
INFO: Run Behavior\ReadHtmlCacheBehavior [ RunTime:0.000045s ]
INFO: [ app_begin ] --END-- [ RunTime:0.000116s ]
SQL: SHOW COLUMNS FROM `menu` [ RunTime:0.0009s ]
SQL: SELECT `menu_id`,`menu_name`,`parentid`,`menu_url`,`sort`,`ishidden` FROM `menu` WHERE ( parentid=0 ) ORDER BY sort asc  [ RunTime:0.0002s ]
SQL: SELECT COUNT(*) AS tp_count FROM `menu` LIMIT 1   [ RunTime:0.0001s ]

[ 2016-03-16T13:17:11+08:00 ] 10.16.189.153 /html/webframework/webframe/index.php/Admin/Menu/ajaxIndex?limit=15&offset=0&sort=id&order=desc&UserName=4
INFO: [ app_begin ] --START--
INFO: Run Behavior\ReadHtmlCacheBehavior [ RunTime:0.000042s ]
INFO: [ app_begin ] --END-- [ RunTime:0.000111s ]
SQL: SHOW COLUMNS FROM `menu` [ RunTime:0.0008s ]
SQL: SELECT `menu_id`,`menu_name`,`parentid`,`menu_url`,`sort`,`ishidden` FROM `menu` WHERE ( parentid=0 ) ORDER BY sort asc  [ RunTime:0.0002s ]
SQL: SELECT COUNT(*) AS tp_count FROM `menu` LIMIT 1   [ RunTime:0.0001s ]

[ 2016-03-16T13:17:34+08:00 ] 10.16.189.153 /html/webframework/webframe/index.php/Admin/Menu/ajaxIndex?limit=15&offset=0&sort=id&order=desc&UserName=4
INFO: [ app_begin ] --START--
INFO: Run Behavior\ReadHtmlCacheBehavior [ RunTime:0.000054s ]
INFO: [ app_begin ] --END-- [ RunTime:0.000130s ]
SQL: SHOW COLUMNS FROM `menu` [ RunTime:0.0010s ]
SQL: SELECT `menu_id`,`menu_name`,`parentid`,`menu_url`,`sort`,`ishidden` FROM `menu` WHERE ( parentid=0 ) ORDER BY sort asc  [ RunTime:0.0002s ]
SQL: SELECT COUNT(*) AS tp_count FROM `menu` LIMIT 1   [ RunTime:0.0001s ]

[ 2016-03-16T13:17:50+08:00 ] 10.16.189.153 /html/webframework/webframe/index.php/Admin/Menu/childAjaxIndex?limit=15&offset=0&sort=id&order=desc&menu_id=11&UserName=4
INFO: [ app_begin ] --START--
INFO: Run Behavior\ReadHtmlCacheBehavior [ RunTime:0.000045s ]
INFO: [ app_begin ] --END-- [ RunTime:0.000117s ]
SQL: SHOW COLUMNS FROM `menu` [ RunTime:0.0008s ]
SQL: SELECT `menu_id`,`menu_name`,`parentid`,`menu_url`,`sort`,`ishidden` FROM `menu` WHERE ( parentid='11' ) ORDER BY sort asc  [ RunTime:0.0002s ]
NOTIC: [8] Undefined variable: parentid /var/www/html/webframework/webframe/Admin/Controller/MenuController.class.php 第 132 行.
SQL: SELECT COUNT(*) AS tp_count FROM `menu` WHERE ( parentid='' ) LIMIT 1   [ RunTime:0.0001s ]

[ 2016-03-16T13:20:21+08:00 ] 10.16.189.153 /html/webframework/webframe/index.php/Admin/Menu/ajaxIndex?limit=15&offset=0&sort=id&order=desc&UserName=4
INFO: [ app_begin ] --START--
INFO: Run Behavior\ReadHtmlCacheBehavior [ RunTime:0.000044s ]
INFO: [ app_begin ] --END-- [ RunTime:0.000122s ]
SQL: SHOW COLUMNS FROM `menu` [ RunTime:0.0010s ]
SQL: SELECT `menu_id`,`menu_name`,`parentid`,`menu_url`,`sort`,`ishidden` FROM `menu` WHERE ( parentid=0 ) ORDER BY sort asc  [ RunTime:0.0002s ]
SQL: SELECT COUNT(*) AS tp_count FROM `menu` LIMIT 1   [ RunTime:0.0001s ]

[ 2016-03-16T13:20:23+08:00 ] 10.16.189.153 /html/webframework/webframe/index.php/Admin/Menu/childAjaxIndex?limit=15&offset=0&sort=id&order=desc&menu_id=11&UserName=4
INFO: [ app_begin ] --START--
INFO: Run Behavior\ReadHtmlCacheBehavior [ RunTime:0.000049s ]
INFO: [ app_begin ] --END-- [ RunTime:0.000137s ]
SQL: SHOW COLUMNS FROM `menu` [ RunTime:0.0010s ]
SQL: SELECT `menu_id`,`menu_name`,`parentid`,`menu_url`,`sort`,`ishidden` FROM `menu` WHERE ( parentid='11' ) ORDER BY sort asc  [ RunTime:0.0002s ]
NOTIC: [8] Undefined variable: parentid /var/www/html/webframework/webframe/Admin/Controller/MenuController.class.php 第 132 行.
SQL: SELECT COUNT(*) AS tp_count FROM `menu` WHERE ( parentid='' ) LIMIT 1   [ RunTime:0.0001s ]

[ 2016-03-16T13:20:26+08:00 ] 10.16.189.153 /html/webframework/webframe/index.php/Admin/Menu/ajaxIndex?limit=15&offset=0&sort=id&order=desc&UserName=4
INFO: [ app_begin ] --START--
INFO: Run Behavior\ReadHtmlCacheBehavior [ RunTime:0.000044s ]
INFO: [ app_begin ] --END-- [ RunTime:0.000132s ]
SQL: SHOW COLUMNS FROM `menu` [ RunTime:0.0010s ]
SQL: SELECT `menu_id`,`menu_name`,`parentid`,`menu_url`,`sort`,`ishidden` FROM `menu` WHERE ( parentid=0 ) ORDER BY sort asc  [ RunTime:0.0002s ]
SQL: SELECT COUNT(*) AS tp_count FROM `menu` LIMIT 1   [ RunTime:0.0001s ]

[ 2016-03-16T13:21:33+08:00 ] 10.16.189.153 /html/webframework/webframe/index.php/Admin/Menu/ajaxIndex?limit=15&offset=0&sort=id&order=desc&UserName=4
INFO: [ app_begin ] --START--
INFO: Run Behavior\ReadHtmlCacheBehavior [ RunTime:0.000114s ]
INFO: [ app_begin ] --END-- [ RunTime:0.000190s ]
SQL: SHOW COLUMNS FROM `menu` [ RunTime:0.0011s ]
SQL: SELECT `menu_id`,`menu_name`,`parentid`,`menu_url`,`sort`,`ishidden` FROM `menu` WHERE ( parentid=0 ) ORDER BY sort asc  [ RunTime:0.0002s ]
SQL: SELECT COUNT(*) AS tp_count FROM `menu` LIMIT 1   [ RunTime:0.0002s ]

[ 2016-03-16T13:21:50+08:00 ] 10.16.189.153 /html/webframework/webframe/index.php/Admin/Menu/ajaxIndex?limit=15&offset=0&sort=id&order=desc&UserName=4
INFO: [ app_begin ] --START--
INFO: Run Behavior\ReadHtmlCacheBehavior [ RunTime:0.000043s ]
INFO: [ app_begin ] --END-- [ RunTime:0.000110s ]
SQL: SHOW COLUMNS FROM `menu` [ RunTime:0.0009s ]
SQL: SELECT `menu_id`,`menu_name`,`parentid`,`menu_url`,`sort`,`ishidden` FROM `menu` WHERE ( parentid=0 ) ORDER BY sort asc  [ RunTime:0.0002s ]
SQL: SELECT COUNT(*) AS tp_count FROM `menu` LIMIT 1   [ RunTime:0.0001s ]

[ 2016-03-16T13:22:51+08:00 ] 10.16.189.153 /html/webframework/webframe/index.php/Admin/con/fun
ERR: 无法加载控制器:Con

[ 2016-03-16T13:22:54+08:00 ] 10.16.189.153 /html/webframework/webframe/index.php/Admin/Menu/ajaxIndex?limit=15&offset=0&sort=id&order=desc&UserName=4
INFO: [ app_begin ] --START--
INFO: Run Behavior\ReadHtmlCacheBehavior [ RunTime:0.000047s ]
INFO: [ app_begin ] --END-- [ RunTime:0.000129s ]
SQL: SHOW COLUMNS FROM `menu` [ RunTime:0.0009s ]
SQL: SELECT `menu_id`,`menu_name`,`parentid`,`menu_url`,`sort`,`ishidden` FROM `menu` WHERE ( parentid=0 ) ORDER BY sort asc  [ RunTime:0.0002s ]
SQL: SELECT COUNT(*) AS tp_count FROM `menu` LIMIT 1   [ RunTime:0.0001s ]

[ 2016-03-16T13:24:58+08:00 ] 10.16.189.153 /html/webframework/webframe/index.php/Admin/Menu/ajaxIndex?limit=15&offset=0&sort=id&order=desc&UserName=4
INFO: [ app_begin ] --START--
INFO: Run Behavior\ReadHtmlCacheBehavior [ RunTime:0.000043s ]
INFO: [ app_begin ] --END-- [ RunTime:0.000122s ]
SQL: SHOW COLUMNS FROM `menu` [ RunTime:0.0010s ]
SQL: SELECT `menu_id`,`menu_name`,`parentid`,`menu_url`,`sort`,`ishidden` FROM `menu` WHERE ( parentid=0 ) ORDER BY sort asc  [ RunTime:0.0002s ]
SQL: SELECT COUNT(*) AS tp_count FROM `menu` LIMIT 1   [ RunTime:0.0001s ]

[ 2016-03-16T13:25:32+08:00 ] 10.16.189.153 /html/webframework/webframe/index.php/Admin/Menu/del
INFO: [ app_begin ] --START--
INFO: Run Behavior\ReadHtmlCacheBehavior [ RunTime:0.000057s ]
INFO: [ app_begin ] --END-- [ RunTime:0.000148s ]
SQL: SHOW COLUMNS FROM `menu` [ RunTime:0.0010s ]
SQL: SELECT * FROM `menu` WHERE ( parentid='3' )  [ RunTime:0.0006s ]
SQL: SELECT * FROM `menu` WHERE ( parentid='4' )  [ RunTime:0.0003s ]
SQL: SHOW COLUMNS FROM `menu` [ RunTime:0.0007s ]
SQL: DELETE FROM `menu` WHERE ( menu_id='3' ) [ RunTime:0.0018s ]
SQL: SHOW COLUMNS FROM `menu` [ RunTime:0.0011s ]
SQL: DELETE FROM `menu` WHERE ( menu_id='4' ) [ RunTime:0.0012s ]

[ 2016-03-16T13:25:32+08:00 ] 10.16.189.153 /html/webframework/webframe/index.php/Admin/Menu/ajaxIndex?limit=15&offset=0&sort=id&order=desc&UserName=4
INFO: [ app_begin ] --START--
INFO: Run Behavior\ReadHtmlCacheBehavior [ RunTime:0.000045s ]
INFO: [ app_begin ] --END-- [ RunTime:0.000114s ]
SQL: SHOW COLUMNS FROM `menu` [ RunTime:0.0008s ]
SQL: SELECT `menu_id`,`menu_name`,`parentid`,`menu_url`,`sort`,`ishidden` FROM `menu` WHERE ( parentid=0 ) ORDER BY sort asc  [ RunTime:0.0005s ]
SQL: SELECT COUNT(*) AS tp_count FROM `menu` LIMIT 1   [ RunTime:0.0003s ]

[ 2016-03-16T13:25:36+08:00 ] 10.16.189.153 /html/webframework/webframe/index.php/Admin/Menu/ajaxIndex?limit=15&offset=0&sort=id&order=desc&UserName=4
INFO: [ app_begin ] --START--
INFO: Run Behavior\ReadHtmlCacheBehavior [ RunTime:0.000052s ]
INFO: [ app_begin ] --END-- [ RunTime:0.000132s ]
SQL: SHOW COLUMNS FROM `menu` [ RunTime:0.0010s ]
SQL: SELECT `menu_id`,`menu_name`,`parentid`,`menu_url`,`sort`,`ishidden` FROM `menu` WHERE ( parentid=0 ) ORDER BY sort asc  [ RunTime:0.0003s ]
SQL: SELECT COUNT(*) AS tp_count FROM `menu` LIMIT 1   [ RunTime:0.0001s ]

[ 2016-03-16T13:25:48+08:00 ] 10.16.189.153 /html/webframework/webframe/index.php/Admin/Menu/childAjaxIndex?limit=15&offset=0&sort=id&order=desc&menu_id=11&UserName=4
INFO: [ app_begin ] --START--
INFO: Run Behavior\ReadHtmlCacheBehavior [ RunTime:0.000043s ]
INFO: [ app_begin ] --END-- [ RunTime:0.000112s ]
SQL: SHOW COLUMNS FROM `menu` [ RunTime:0.0008s ]
SQL: SELECT `menu_id`,`menu_name`,`parentid`,`menu_url`,`sort`,`ishidden` FROM `menu` WHERE ( parentid='11' ) ORDER BY sort asc  [ RunTime:0.0004s ]
NOTIC: [8] Undefined variable: parentid /var/www/html/webframework/webframe/Admin/Controller/MenuController.class.php 第 132 行.
SQL: SELECT COUNT(*) AS tp_count FROM `menu` WHERE ( parentid='' ) LIMIT 1   [ RunTime:0.0003s ]

[ 2016-03-16T13:25:50+08:00 ] 10.16.189.153 /html/webframework/webframe/index.php/Admin/Menu/childAjaxIndex?limit=15&offset=0&sort=id&order=desc&menu_id=17&UserName=4
INFO: [ app_begin ] --START--
INFO: Run Behavior\ReadHtmlCacheBehavior [ RunTime:0.000041s ]
INFO: [ app_begin ] --END-- [ RunTime:0.000106s ]
SQL: SHOW COLUMNS FROM `menu` [ RunTime:0.0008s ]
SQL: SELECT `menu_id`,`menu_name`,`parentid`,`menu_url`,`sort`,`ishidden` FROM `menu` WHERE ( parentid='17' ) ORDER BY sort asc  [ RunTime:0.0004s ]
NOTIC: [8] Undefined variable: parentid /var/www/html/webframework/webframe/Admin/Controller/MenuController.class.php 第 132 行.
SQL: SELECT COUNT(*) AS tp_count FROM `menu` WHERE ( parentid='' ) LIMIT 1   [ RunTime:0.0001s ]

[ 2016-03-16T13:25:52+08:00 ] 10.16.189.153 /html/webframework/webframe/index.php/Admin/Menu/childAjaxIndex?limit=15&offset=0&sort=id&order=desc&menu_id=11&UserName=4
INFO: [ app_begin ] --START--
INFO: Run Behavior\ReadHtmlCacheBehavior [ RunTime:0.000044s ]
INFO: [ app_begin ] --END-- [ RunTime:0.000110s ]
SQL: SHOW COLUMNS FROM `menu` [ RunTime:0.0008s ]
SQL: SELECT `menu_id`,`menu_name`,`parentid`,`menu_url`,`sort`,`ishidden` FROM `menu` WHERE ( parentid='11' ) ORDER BY sort asc  [ RunTime:0.0002s ]
NOTIC: [8] Undefined variable: parentid /var/www/html/webframework/webframe/Admin/Controller/MenuController.class.php 第 132 行.
SQL: SELECT COUNT(*) AS tp_count FROM `menu` WHERE ( parentid='' ) LIMIT 1   [ RunTime:0.0001s ]

[ 2016-03-16T13:25:56+08:00 ] 10.16.189.153 /html/webframework/webframe/index.php/Admin/Menu/ajaxIndex?limit=15&offset=0&sort=id&order=desc&UserName=4
INFO: [ app_begin ] --START--
INFO: Run Behavior\ReadHtmlCacheBehavior [ RunTime:0.000054s ]
INFO: [ app_begin ] --END-- [ RunTime:0.000189s ]
SQL: SHOW COLUMNS FROM `menu` [ RunTime:0.0009s ]
SQL: SELECT `menu_id`,`menu_name`,`parentid`,`menu_url`,`sort`,`ishidden` FROM `menu` WHERE ( parentid=0 ) ORDER BY sort asc  [ RunTime:0.0002s ]
SQL: SELECT COUNT(*) AS tp_count FROM `menu` LIMIT 1   [ RunTime:0.0001s ]

[ 2016-03-16T13:40:33+08:00 ] 10.16.189.153 /html/webframework/webframe/index.php/Admin/Menu/ajaxIndex?limit=15&offset=0&sort=id&order=desc&UserName=4
INFO: [ app_begin ] --START--
INFO: Run Behavior\ReadHtmlCacheBehavior [ RunTime:0.000046s ]
INFO: [ app_begin ] --END-- [ RunTime:0.000122s ]
SQL: SHOW COLUMNS FROM `menu` [ RunTime:0.0010s ]
SQL: SELECT `menu_id`,`menu_name`,`parentid`,`menu_url`,`sort`,`ishidden` FROM `menu` WHERE ( parentid=0 ) ORDER BY sort asc  [ RunTime:0.0002s ]
SQL: SELECT COUNT(*) AS tp_count FROM `menu` LIMIT 1   [ RunTime:0.0001s ]

[ 2016-03-16T13:43:30+08:00 ] 10.16.189.153 /html/webframework/webframe/index.php/Admin/Menu/childAjaxIndex?limit=15&offset=0&sort=id&order=desc&menu_id=11&UserName=4
INFO: [ app_begin ] --START--
INFO: Run Behavior\ReadHtmlCacheBehavior [ RunTime:0.000050s ]
INFO: [ app_begin ] --END-- [ RunTime:0.000122s ]
SQL: SHOW COLUMNS FROM `menu` [ RunTime:0.0009s ]
SQL: SELECT `menu_id`,`menu_name`,`parentid`,`menu_url`,`sort`,`ishidden` FROM `menu` WHERE ( parentid='11' ) ORDER BY sort asc  [ RunTime:0.0002s ]
NOTIC: [8] Undefined variable: parentid /var/www/html/webframework/webframe/Admin/Controller/MenuController.class.php 第 132 行.
SQL: SELECT COUNT(*) AS tp_count FROM `menu` WHERE ( parentid='' ) LIMIT 1   [ RunTime:0.0001s ]

[ 2016-03-16T13:44:22+08:00 ] 10.16.189.153 /html/webframework/webframe/index.php/Admin/Menu/update
INFO: [ app_begin ] --START--
INFO: Run Behavior\ReadHtmlCacheBehavior [ RunTime:0.000054s ]
INFO: [ app_begin ] --END-- [ RunTime:0.000144s ]
SQL: SHOW COLUMNS FROM `menu` [ RunTime:0.0010s ]
SQL: SELECT `menu_id`,`sort` FROM `menu` WHERE ( sort='3' and parentid='11' )  [ RunTime:0.0005s ]
SQL: SELECT `parentid`,`sort`,`menu_id` FROM `menu` WHERE ( sort='4' and parentid='11' )  [ RunTime:0.0003s ]
SQL: UPDATE `menu` SET `sort`='4' WHERE ( menu_id='14' ) [ RunTime:0.0019s ]
SQL: SELECT `menu_id`,`sort` FROM `menu` WHERE ( menu_id='13' )  [ RunTime:0.0004s ]
SQL: SELECT `parentid`,`sort`,`menu_id` FROM `menu` WHERE ( sort='5' and parentid='11' )  [ RunTime:0.0003s ]
SQL: UPDATE `menu` SET `sort`='5' WHERE ( menu_id='13' ) [ RunTime:0.0007s ]
NOTIC: [8] Undefined offset: 0 /var/www/html/webframework/webframe/Admin/Controller/MenuController.class.php 第 69 行.
NOTIC: [8] Undefined offset: 0 /var/www/html/webframework/webframe/Admin/Controller/MenuController.class.php 第 69 行.
NOTIC: [8] Undefined offset: 0 /var/www/html/webframework/webframe/Admin/Controller/MenuController.class.php 第 69 行.
SQL: SELECT `menu_id`,`sort` FROM `menu` WHERE ( sort='' and parentid='' )  [ RunTime:0.0003s ]
SQL: SHOW COLUMNS FROM `menu` [ RunTime:0.0009s ]
SQL: UPDATE `menu` SET `menu_id`='14',`menu_name`='工作流管理',`parentid`='11',`menu_url`='Workflow/index',`sort`='3',`ishidden`='0' WHERE ( menu_id='14' ) [ RunTime:0.0013s ]

[ 2016-03-16T13:44:22+08:00 ] 10.16.189.153 /html/webframework/webframe/index.php/Admin/Menu/childAjaxIndex?limit=15&offset=0&sort=id&order=desc&menu_id=11&UserName=4
INFO: [ app_begin ] --START--
INFO: Run Behavior\ReadHtmlCacheBehavior [ RunTime:0.000044s ]
INFO: [ app_begin ] --END-- [ RunTime:0.000112s ]
SQL: SHOW COLUMNS FROM `menu` [ RunTime:0.0008s ]
SQL: SELECT `menu_id`,`menu_name`,`parentid`,`menu_url`,`sort`,`ishidden` FROM `menu` WHERE ( parentid='11' ) ORDER BY sort asc  [ RunTime:0.0004s ]
NOTIC: [8] Undefined variable: parentid /var/www/html/webframework/webframe/Admin/Controller/MenuController.class.php 第 132 行.
SQL: SELECT COUNT(*) AS tp_count FROM `menu` WHERE ( parentid='' ) LIMIT 1   [ RunTime:0.0003s ]

[ 2016-03-16T13:44:33+08:00 ] 10.16.189.153 /html/webframework/webframe/index.php/Admin/Workflow/index
ERR: 无法加载控制器:Workflow

[ 2016-03-16T13:51:40+08:00 ] 10.16.189.153 /html/webframework/webframe/index.php/Admin/Menu/ajaxIndex?limit=15&offset=0&sort=id&order=desc&UserName=4
INFO: [ app_begin ] --START--
INFO: Run Behavior\ReadHtmlCacheBehavior [ RunTime:0.000045s ]
INFO: [ app_begin ] --END-- [ RunTime:0.000124s ]
SQL: SHOW COLUMNS FROM `menu` [ RunTime:0.0010s ]
SQL: SELECT `menu_id`,`menu_name`,`parentid`,`menu_url`,`sort`,`ishidden` FROM `menu` WHERE ( parentid=0 ) ORDER BY sort asc  [ RunTime:0.0005s ]
SQL: SELECT COUNT(*) AS tp_count FROM `menu` LIMIT 1   [ RunTime:0.0003s ]

[ 2016-03-16T19:31:11+08:00 ] 10.16.189.153 /html/webframework/webframe/index.php/Admin/Menu/ajaxIndex?limit=15&offset=0&sort=id&order=desc&UserName=4
INFO: [ app_begin ] --START--
INFO: Run Behavior\ReadHtmlCacheBehavior [ RunTime:0.000046s ]
INFO: [ app_begin ] --END-- [ RunTime:0.000129s ]
SQL: SHOW COLUMNS FROM `menu` [ RunTime:0.0011s ]
SQL: SELECT `menu_id`,`menu_name`,`parentid`,`menu_url`,`sort`,`ishidden` FROM `menu` WHERE ( parentid=0 ) ORDER BY sort asc  [ RunTime:0.0002s ]
SQL: SELECT COUNT(*) AS tp_count FROM `menu` LIMIT 1   [ RunTime:0.0001s ]

[ 2016-03-16T19:34:17+08:00 ] 10.16.189.153 /html/webframework/webframe/index.php/Admin/Menu/ajaxIndex?limit=15&offset=0&sort=id&order=desc&UserName=4
INFO: [ app_begin ] --START--
INFO: Run Behavior\ReadHtmlCacheBehavior [ RunTime:0.000122s ]
INFO: [ app_begin ] --END-- [ RunTime:0.000200s ]
SQL: SHOW COLUMNS FROM `menu` [ RunTime:0.0010s ]
SQL: SELECT `menu_id`,`menu_name`,`parentid`,`menu_url`,`sort`,`ishidden` FROM `menu` WHERE ( parentid=0 ) ORDER BY sort asc  [ RunTime:0.0002s ]
SQL: SELECT COUNT(*) AS tp_count FROM `menu` LIMIT 1   [ RunTime:0.0001s ]

[ 2016-03-16T19:34:48+08:00 ] 10.16.189.153 /html/webframework/webframe/index.php/Admin/Menu/update
INFO: [ app_begin ] --START--
INFO: Run Behavior\ReadHtmlCacheBehavior [ RunTime:0.000056s ]
INFO: [ app_begin ] --END-- [ RunTime:0.000151s ]
SQL: SHOW COLUMNS FROM `menu` [ RunTime:0.0011s ]
SQL: SELECT `menu_id`,`sort` FROM `menu` WHERE ( sort='4' and parentid='0' )  [ RunTime:0.0006s ]
SQL: SELECT `parentid`,`sort`,`menu_id` FROM `menu` WHERE ( sort='5' and parentid='0' )  [ RunTime:0.0005s ]
SQL: UPDATE `menu` SET `sort`='5' WHERE ( menu_id='12' ) [ RunTime:0.0014s ]
SQL: SELECT `menu_id`,`sort` FROM `menu` WHERE ( menu_id='10' )  [ RunTime:0.0003s ]
SQL: SELECT `parentid`,`sort`,`menu_id` FROM `menu` WHERE ( sort='6' and parentid='0' )  [ RunTime:0.0003s ]
SQL: UPDATE `menu` SET `sort`='6' WHERE ( menu_id='10' ) [ RunTime:0.0007s ]
SQL: SELECT `menu_id`,`sort` FROM `menu` WHERE ( menu_id='1' )  [ RunTime:0.0004s ]
SQL: SELECT `parentid`,`sort`,`menu_id` FROM `menu` WHERE ( sort='7' and parentid='0' )  [ RunTime:0.0003s ]
SQL: UPDATE `menu` SET `sort`='7' WHERE ( menu_id='1' ) [ RunTime:0.0012s ]
SQL: SELECT `menu_id`,`sort` FROM `menu` WHERE ( menu_id='2' )  [ RunTime:0.0003s ]
SQL: SELECT `parentid`,`sort`,`menu_id` FROM `menu` WHERE ( sort='8' and parentid='0' )  [ RunTime:0.0003s ]
SQL: UPDATE `menu` SET `sort`='8' WHERE ( menu_id='2' ) [ RunTime:0.0006s ]
NOTIC: [8] Undefined offset: 0 /var/www/html/webframework/webframe/Admin/Controller/MenuController.class.php 第 69 行.
NOTIC: [8] Undefined offset: 0 /var/www/html/webframework/webframe/Admin/Controller/MenuController.class.php 第 69 行.
NOTIC: [8] Undefined offset: 0 /var/www/html/webframework/webframe/Admin/Controller/MenuController.class.php 第 69 行.
SQL: SELECT `menu_id`,`sort` FROM `menu` WHERE ( sort='' and parentid='' )  [ RunTime:0.0003s ]
SQL: SHOW COLUMNS FROM `menu` [ RunTime:0.0008s ]
SQL: UPDATE `menu` SET `menu_id`='12',`menu_name`='角色权限管理',`parentid`='0',`menu_url`='Role/index',`sort`='4',`ishidden`='0' WHERE ( menu_id='12' ) [ RunTime:0.0013s ]

[ 2016-03-16T19:34:49+08:00 ] 10.16.189.153 /html/webframework/webframe/index.php/Admin/Menu/ajaxIndex?limit=15&offset=0&sort=id&order=desc&UserName=4
INFO: [ app_begin ] --START--
INFO: Run Behavior\ReadHtmlCacheBehavior [ RunTime:0.000077s ]
INFO: [ app_begin ] --END-- [ RunTime:0.000149s ]
SQL: SHOW COLUMNS FROM `menu` [ RunTime:0.0008s ]
SQL: SELECT `menu_id`,`menu_name`,`parentid`,`menu_url`,`sort`,`ishidden` FROM `menu` WHERE ( parentid=0 ) ORDER BY sort asc  [ RunTime:0.0004s ]
SQL: SELECT COUNT(*) AS tp_count FROM `menu` LIMIT 1   [ RunTime:0.0003s ]

[ 2016-03-16T19:35:03+08:00 ] 10.16.189.153 /html/webframework/webframe/index.php/Admin/Menu/ajaxIndex?limit=15&offset=0&sort=id&order=desc&UserName=4
INFO: [ app_begin ] --START--
INFO: Run Behavior\ReadHtmlCacheBehavior [ RunTime:0.000087s ]
INFO: [ app_begin ] --END-- [ RunTime:0.000161s ]
SQL: SHOW COLUMNS FROM `menu` [ RunTime:0.0009s ]
SQL: SELECT `menu_id`,`menu_name`,`parentid`,`menu_url`,`sort`,`ishidden` FROM `menu` WHERE ( parentid=0 ) ORDER BY sort asc  [ RunTime:0.0002s ]
SQL: SELECT COUNT(*) AS tp_count FROM `menu` LIMIT 1   [ RunTime:0.0001s ]

[ 2016-03-16T19:35:05+08:00 ] 10.16.189.153 /html/webframework/webframe/index.php/Admin/Menu/childAjaxIndex?limit=15&offset=0&sort=id&order=desc&menu_id=12&UserName=4
INFO: [ app_begin ] --START--
INFO: Run Behavior\ReadHtmlCacheBehavior [ RunTime:0.000050s ]
INFO: [ app_begin ] --END-- [ RunTime:0.000125s ]
SQL: SHOW COLUMNS FROM `menu` [ RunTime:0.0009s ]
SQL: SELECT `menu_id`,`menu_name`,`parentid`,`menu_url`,`sort`,`ishidden` FROM `menu` WHERE ( parentid='12' ) ORDER BY sort asc  [ RunTime:0.0004s ]
NOTIC: [8] Undefined variable: parentid /var/www/html/webframework/webframe/Admin/Controller/MenuController.class.php 第 132 行.
SQL: SELECT COUNT(*) AS tp_count FROM `menu` WHERE ( parentid='' ) LIMIT 1   [ RunTime:0.0003s ]

[ 2016-03-16T19:35:29+08:00 ] 10.16.189.153 /html/webframework/webframe/index.php/Admin/Menu/update
INFO: [ app_begin ] --START--
INFO: Run Behavior\ReadHtmlCacheBehavior [ RunTime:0.000050s ]
INFO: [ app_begin ] --END-- [ RunTime:0.000131s ]
SQL: SHOW COLUMNS FROM `menu` [ RunTime:0.0009s ]
SQL: SELECT `menu_id`,`sort` FROM `menu` WHERE ( sort='1' and parentid='12' )  [ RunTime:0.0005s ]
SQL: SELECT `parentid`,`sort`,`menu_id` FROM `menu` WHERE ( sort='2' and parentid='12' )  [ RunTime:0.0003s ]
SQL: UPDATE `menu` SET `sort`='2' WHERE ( menu_id='18' ) [ RunTime:0.0013s ]
SQL: SELECT `menu_id`,`sort` FROM `menu` WHERE ( menu_id='19' )  [ RunTime:0.0003s ]
SQL: SELECT `parentid`,`sort`,`menu_id` FROM `menu` WHERE ( sort='3' and parentid='12' )  [ RunTime:0.0003s ]
SQL: UPDATE `menu` SET `sort`='3' WHERE ( menu_id='19' ) [ RunTime:0.0013s ]
NOTIC: [8] Undefined offset: 0 /var/www/html/webframework/webframe/Admin/Controller/MenuController.class.php 第 69 行.
NOTIC: [8] Undefined offset: 0 /var/www/html/webframework/webframe/Admin/Controller/MenuController.class.php 第 69 行.
NOTIC: [8] Undefined offset: 0 /var/www/html/webframework/webframe/Admin/Controller/MenuController.class.php 第 69 行.
SQL: SELECT `menu_id`,`sort` FROM `menu` WHERE ( sort='' and parentid='' )  [ RunTime:0.0003s ]
SQL: SHOW COLUMNS FROM `menu` [ RunTime:0.0008s ]
SQL: UPDATE `menu` SET `menu_id`='18',`menu_name`='角色列表',`parentid`='12',`menu_url`='Role/index',`sort`='1',`ishidden`='0' WHERE ( menu_id='18' ) [ RunTime:0.0011s ]

[ 2016-03-16T19:35:29+08:00 ] 10.16.189.153 /html/webframework/webframe/index.php/Admin/Menu/childAjaxIndex?limit=15&offset=0&sort=id&order=desc&menu_id=12&UserName=4
INFO: [ app_begin ] --START--
INFO: Run Behavior\ReadHtmlCacheBehavior [ RunTime:0.000043s ]
INFO: [ app_begin ] --END-- [ RunTime:0.000109s ]
SQL: SHOW COLUMNS FROM `menu` [ RunTime:0.0009s ]
SQL: SELECT `menu_id`,`menu_name`,`parentid`,`menu_url`,`sort`,`ishidden` FROM `menu` WHERE ( parentid='12' ) ORDER BY sort asc  [ RunTime:0.0004s ]
NOTIC: [8] Undefined variable: parentid /var/www/html/webframework/webframe/Admin/Controller/MenuController.class.php 第 132 行.
SQL: SELECT COUNT(*) AS tp_count FROM `menu` WHERE ( parentid='' ) LIMIT 1   [ RunTime:0.0003s ]

[ 2016-03-16T19:35:42+08:00 ] 10.16.189.153 /html/webframework/webframe/index.php/Admin/Role/index
ERR: 无法加载控制器:Role

[ 2016-03-16T20:04:03+08:00 ] 10.16.189.153 /html/webframework/webframe/index.php/Admin/Role/insert
INFO: [ app_begin ] --START--
INFO: Run Behavior\ReadHtmlCacheBehavior [ RunTime:0.000051s ]
INFO: [ app_begin ] --END-- [ RunTime:0.000140s ]

[ 2016-03-16T20:05:18+08:00 ] 10.16.189.153 /html/webframework/webframe/index.php/Admin/Role/insert
INFO: [ app_begin ] --START--
INFO: Run Behavior\ReadHtmlCacheBehavior [ RunTime:0.000049s ]
INFO: [ app_begin ] --END-- [ RunTime:0.000130s ]

[ 2016-03-16T20:06:15+08:00 ] 10.16.189.153 /html/webframework/webframe/index.php/Admin/Role/insert
INFO: [ app_begin ] --START--
INFO: Run Behavior\ReadHtmlCacheBehavior [ RunTime:0.000052s ]
INFO: [ app_begin ] --END-- [ RunTime:0.000140s ]
SQL: SHOW COLUMNS FROM `role` [ RunTime:0.0010s ]
SQL: SHOW COLUMNS FROM `role` [ RunTime:0.0007s ]
SQL: INSERT INTO `role` (`role_name`) VALUES ('系统管理员') [ RunTime:0.0019s ]

[ 2016-03-16T20:07:47+08:00 ] 10.16.189.153 /html/webframework/webframe/index.php/Admin/Role/insert
INFO: [ app_begin ] --START--
INFO: Run Behavior\ReadHtmlCacheBehavior [ RunTime:0.000049s ]
INFO: [ app_begin ] --END-- [ RunTime:0.000133s ]
SQL: SHOW COLUMNS FROM `role` [ RunTime:0.0010s ]
SQL: SHOW COLUMNS FROM `role` [ RunTime:0.0006s ]
SQL: INSERT INTO `role` (`role_name`,`role_desc`) VALUES ('实验室管理员','实验室级别管理员                                
                            ') [ RunTime:0.0016s ]

[ 2016-03-16T20:19:22+08:00 ] 10.16.189.153 /html/webframework/webframe/index.php/Admin/Role/ajaxIndex?limit=15&offset=0&sort=id&order=desc&UserName=4
INFO: [ app_begin ] --START--
INFO: Run Behavior\ReadHtmlCacheBehavior [ RunTime:0.000082s ]
INFO: [ app_begin ] --END-- [ RunTime:0.000155s ]
ERR: 非法操作:ajaxIndex

[ 2016-03-16T20:24:13+08:00 ] 10.16.189.153 /html/webframework/webframe/index.php/Admin/Role/ajaxIndex?limit=15&offset=0&sort=id&order=desc&UserName=4
INFO: [ app_begin ] --START--
INFO: Run Behavior\ReadHtmlCacheBehavior [ RunTime:0.000045s ]
INFO: [ app_begin ] --END-- [ RunTime:0.000113s ]
SQL: SHOW COLUMNS FROM `role` [ RunTime:0.0008s ]
ERR: SQLSTATE[42S22]: Column not found: 1054 Unknown column 'id' in 'order clause'

[ 2016-03-16T20:26:45+08:00 ] 10.16.189.153 /html/webframework/webframe/index.php/Admin/Role/index
ERR: 无法加载控制器:Role

[ 2016-03-16T20:26:50+08:00 ] 10.16.189.153 /html/webframework/webframe/index.php/Admin/Role/ajaxIndex?limit=15&offset=0&sort=id&order=desc&UserName=4
INFO: [ app_begin ] --START--
INFO: Run Behavior\ReadHtmlCacheBehavior [ RunTime:0.000079s ]
INFO: [ app_begin ] --END-- [ RunTime:0.000166s ]
SQL: SHOW COLUMNS FROM `role` [ RunTime:0.0009s ]
ERR: Think\Model:paginate方法不存在！

[ 2016-03-16T20:26:54+08:00 ] 10.16.189.153 /html/webframework/webframe/index.php/Admin/Role/ajaxIndex?limit=15&offset=0&sort=id&order=desc&UserName=4
INFO: [ app_begin ] --START--
INFO: Run Behavior\ReadHtmlCacheBehavior [ RunTime:0.000056s ]
INFO: [ app_begin ] --END-- [ RunTime:0.000161s ]
SQL: SHOW COLUMNS FROM `role` [ RunTime:0.0009s ]
ERR: Think\Model:paginate方法不存在！

[ 2016-03-16T20:27:49+08:00 ] 10.16.189.153 /html/webframework/webframe/index.php/Admin/Role/ajaxIndex?limit=15&offset=0&sort=id&order=desc&UserName=4
INFO: [ app_begin ] --START--
INFO: Run Behavior\ReadHtmlCacheBehavior [ RunTime:0.000051s ]
INFO: [ app_begin ] --END-- [ RunTime:0.000124s ]
SQL: SHOW COLUMNS FROM `role` [ RunTime:0.0009s ]
ERR: SQLSTATE[42S22]: Column not found: 1054 Unknown column 'id' in 'order clause'

[ 2016-03-16T20:28:21+08:00 ] 10.16.189.153 /html/webframework/webframe/index.php/Admin/Role/ajaxIndex?limit=15&offset=0&sort=role_id&order=desc&UserName=4
INFO: [ app_begin ] --START--
INFO: Run Behavior\ReadHtmlCacheBehavior [ RunTime:0.000047s ]
INFO: [ app_begin ] --END-- [ RunTime:0.000116s ]
SQL: SHOW COLUMNS FROM `role` [ RunTime:0.0009s ]
SQL: SELECT `role_id`,`role_name`,`role_desc` FROM `role` ORDER BY role_id desc LIMIT 0,15   [ RunTime:0.0005s ]
SQL: SELECT COUNT(*) AS tp_count FROM `role` LIMIT 1   [ RunTime:0.0003s ]

[ 2016-03-16T20:29:45+08:00 ] 10.16.189.153 /html/webframework/webframe/index.php/Admin/Role/ajaxIndex?limit=15&offset=0&sort=role_id&order=desc&UserName=4
INFO: [ app_begin ] --START--
INFO: Run Behavior\ReadHtmlCacheBehavior [ RunTime:0.000056s ]
INFO: [ app_begin ] --END-- [ RunTime:0.000134s ]
SQL: SHOW COLUMNS FROM `role` [ RunTime:0.0009s ]
SQL: SELECT `role_id`,`role_name`,`role_desc` FROM `role` ORDER BY role_id desc LIMIT 0,15   [ RunTime:0.0002s ]
SQL: SELECT COUNT(*) AS tp_count FROM `role` LIMIT 1   [ RunTime:0.0001s ]

[ 2016-03-16T20:30:17+08:00 ] 10.16.189.153 /html/webframework/webframe/index.php/Admin/Role/insert
INFO: [ app_begin ] --START--
INFO: Run Behavior\ReadHtmlCacheBehavior [ RunTime:0.000055s ]
INFO: [ app_begin ] --END-- [ RunTime:0.000149s ]
SQL: SHOW COLUMNS FROM `role` [ RunTime:0.0009s ]
SQL: SHOW COLUMNS FROM `role` [ RunTime:0.0007s ]
SQL: INSERT INTO `role` (`role_name`,`role_desc`) VALUES ('学生管理员','                                
                            ') [ RunTime:0.0015s ]

[ 2016-03-16T20:30:18+08:00 ] 10.16.189.153 /html/webframework/webframe/index.php/Admin/Role/ajaxIndex?limit=15&offset=0&sort=role_id&order=desc&UserName=4
INFO: [ app_begin ] --START--
INFO: Run Behavior\ReadHtmlCacheBehavior [ RunTime:0.000045s ]
INFO: [ app_begin ] --END-- [ RunTime:0.000115s ]
SQL: SHOW COLUMNS FROM `role` [ RunTime:0.0008s ]
SQL: SELECT `role_id`,`role_name`,`role_desc` FROM `role` ORDER BY role_id desc LIMIT 0,15   [ RunTime:0.0004s ]
SQL: SELECT COUNT(*) AS tp_count FROM `role` LIMIT 1   [ RunTime:0.0003s ]

[ 2016-03-16T20:46:43+08:00 ] 10.16.189.153 /html/webframework/webframe/index.php/Admin/Role/ajaxIndex?limit=15&offset=0&sort=role_id&order=desc&UserName=4
INFO: [ app_begin ] --START--
INFO: Run Behavior\ReadHtmlCacheBehavior [ RunTime:0.000051s ]
INFO: [ app_begin ] --END-- [ RunTime:0.000140s ]
SQL: SHOW COLUMNS FROM `role` [ RunTime:0.0008s ]
SQL: SELECT `role_id`,`role_name`,`role_desc` FROM `role` ORDER BY role_id desc LIMIT 0,15   [ RunTime:0.0001s ]
SQL: SELECT COUNT(*) AS tp_count FROM `role` LIMIT 1   [ RunTime:0.0001s ]

[ 2016-03-16T20:58:23+08:00 ] 10.16.189.153 /html/webframework/webframe/index.php/Admin/Role/update
INFO: [ app_begin ] --START--
INFO: Run Behavior\ReadHtmlCacheBehavior [ RunTime:0.000048s ]
INFO: [ app_begin ] --END-- [ RunTime:0.000129s ]
SQL: SHOW COLUMNS FROM `role` [ RunTime:0.0008s ]
SQL: SHOW COLUMNS FROM `role` [ RunTime:0.0006s ]
SQL: UPDATE `role` SET `role_name`='系统管理员',`role_desc`='修改                                              ' WHERE ( role_id='1' ) [ RunTime:0.0017s ]

[ 2016-03-16T20:58:24+08:00 ] 10.16.189.153 /html/webframework/webframe/index.php/Admin/Role/ajaxIndex?limit=15&offset=0&sort=role_id&order=desc&UserName=4
INFO: [ app_begin ] --START--
INFO: Run Behavior\ReadHtmlCacheBehavior [ RunTime:0.000051s ]
INFO: [ app_begin ] --END-- [ RunTime:0.000125s ]
SQL: SHOW COLUMNS FROM `role` [ RunTime:0.0008s ]
SQL: SELECT `role_id`,`role_name`,`role_desc` FROM `role` ORDER BY role_id desc LIMIT 0,15   [ RunTime:0.0004s ]
SQL: SELECT COUNT(*) AS tp_count FROM `role` LIMIT 1   [ RunTime:0.0003s ]

[ 2016-03-16T20:59:05+08:00 ] 10.16.189.153 /html/webframework/webframe/index.php/Admin/Role/update
INFO: [ app_begin ] --START--
INFO: Run Behavior\ReadHtmlCacheBehavior [ RunTime:0.000066s ]
INFO: [ app_begin ] --END-- [ RunTime:0.000201s ]
SQL: SHOW COLUMNS FROM `role` [ RunTime:0.0008s ]
SQL: SHOW COLUMNS FROM `role` [ RunTime:0.0006s ]
SQL: UPDATE `role` SET `role_name`='学生管理员',`role_desc`='学生管理员修改                                                            
                                                        ' WHERE ( role_id='3' ) [ RunTime:0.0015s ]

[ 2016-03-16T20:59:05+08:00 ] 10.16.189.153 /html/webframework/webframe/index.php/Admin/Role/ajaxIndex?limit=15&offset=0&sort=role_id&order=desc&UserName=4
INFO: [ app_begin ] --START--
INFO: Run Behavior\ReadHtmlCacheBehavior [ RunTime:0.000046s ]
INFO: [ app_begin ] --END-- [ RunTime:0.000126s ]
SQL: SHOW COLUMNS FROM `role` [ RunTime:0.0008s ]
SQL: SELECT `role_id`,`role_name`,`role_desc` FROM `role` ORDER BY role_id desc LIMIT 0,15   [ RunTime:0.0004s ]
SQL: SELECT COUNT(*) AS tp_count FROM `role` LIMIT 1   [ RunTime:0.0003s ]

[ 2016-03-16T21:11:30+08:00 ] 10.16.189.153 /html/webframework/webframe/index.php/Admin/Role/ajaxIndex?limit=15&offset=0&sort=role_id&order=desc&UserName=4
INFO: [ app_begin ] --START--
INFO: Run Behavior\ReadHtmlCacheBehavior [ RunTime:0.000049s ]
INFO: [ app_begin ] --END-- [ RunTime:0.000120s ]
SQL: SHOW COLUMNS FROM `role` [ RunTime:0.0008s ]
SQL: SELECT `role_id`,`role_name`,`role_desc` FROM `role` ORDER BY role_id desc LIMIT 0,15   [ RunTime:0.0001s ]
SQL: SELECT COUNT(*) AS tp_count FROM `role` LIMIT 1   [ RunTime:0.0001s ]

[ 2016-03-16T21:11:36+08:00 ] 10.16.189.153 /html/webframework/webframe/index.php/Admin/Role/del
INFO: [ app_begin ] --START--
INFO: Run Behavior\ReadHtmlCacheBehavior [ RunTime:0.000051s ]
INFO: [ app_begin ] --END-- [ RunTime:0.000137s ]
SQL: SHOW COLUMNS FROM `role` [ RunTime:0.0008s ]
SQL: SHOW COLUMNS FROM `role` [ RunTime:0.0006s ]
SQL: DELETE FROM `role` WHERE ( role_id='3' ) [ RunTime:0.0016s ]

[ 2016-03-16T21:11:36+08:00 ] 10.16.189.153 /html/webframework/webframe/index.php/Admin/Role/ajaxIndex?limit=15&offset=0&sort=role_id&order=desc&UserName=4
INFO: [ app_begin ] --START--
INFO: Run Behavior\ReadHtmlCacheBehavior [ RunTime:0.000045s ]
INFO: [ app_begin ] --END-- [ RunTime:0.000116s ]
SQL: SHOW COLUMNS FROM `role` [ RunTime:0.0007s ]
SQL: SELECT `role_id`,`role_name`,`role_desc` FROM `role` ORDER BY role_id desc LIMIT 0,15   [ RunTime:0.0003s ]
SQL: SELECT COUNT(*) AS tp_count FROM `role` LIMIT 1   [ RunTime:0.0003s ]

[ 2016-03-16T22:25:56+08:00 ] 10.16.155.217 /html/webframework/webframe/index.php/Admin/Role/ajaxIndex?limit=15&offset=0&sort=role_id&order=desc&UserName=4
INFO: [ app_begin ] --START--
INFO: Run Behavior\ReadHtmlCacheBehavior [ RunTime:0.000047s ]
INFO: [ app_begin ] --END-- [ RunTime:0.000120s ]
SQL: SHOW COLUMNS FROM `role` [ RunTime:0.0009s ]
SQL: SELECT `role_id`,`role_name`,`role_desc` FROM `role` ORDER BY role_id desc LIMIT 0,15   [ RunTime:0.0001s ]
SQL: SELECT COUNT(*) AS tp_count FROM `role` LIMIT 1   [ RunTime:0.0001s ]

[ 2016-03-16T22:26:00+08:00 ] 10.16.155.217 /html/webframework/webframe/index.php/Admin/Menu/ajaxIndex?limit=15&offset=0&sort=id&order=desc&UserName=4
INFO: [ app_begin ] --START--
INFO: Run Behavior\ReadHtmlCacheBehavior [ RunTime:0.000049s ]
INFO: [ app_begin ] --END-- [ RunTime:0.000128s ]
SQL: SHOW COLUMNS FROM `menu` [ RunTime:0.0010s ]
SQL: SELECT `menu_id`,`menu_name`,`parentid`,`menu_url`,`sort`,`ishidden` FROM `menu` WHERE ( parentid=0 ) ORDER BY sort asc  [ RunTime:0.0006s ]
SQL: SELECT COUNT(*) AS tp_count FROM `menu` LIMIT 1   [ RunTime:0.0003s ]

[ 2016-03-16T23:23:02+08:00 ] 10.16.155.217 /html/webframework/webframe/index.php/Admin/Workflow/getrole
INFO: [ app_begin ] --START--
INFO: Run Behavior\ReadHtmlCacheBehavior [ RunTime:0.000052s ]
INFO: [ app_begin ] --END-- [ RunTime:0.000137s ]
SQL: SHOW COLUMNS FROM `role` [ RunTime:0.0008s ]
SQL: SELECT `role_id`,`role_name` FROM `role`  [ RunTime:0.0004s ]
NOTIC: [2] strtoupper() expects parameter 1 to be string, array given /var/www/html/webframework/ThinkPHP/Library/Think/Controller.class.php 第 212 行.
INFO: [ app_end ] --START--
INFO: Run Behavior\ShowPageTraceBehavior [ RunTime:0.000073s ]
INFO: [ app_end ] --END-- [ RunTime:0.000132s ]

[ 2016-03-16T23:25:02+08:00 ] 10.16.155.217 /html/webframework/webframe/index.php/Admin/Workflow/getrole
INFO: [ app_begin ] --START--
INFO: Run Behavior\ReadHtmlCacheBehavior [ RunTime:0.000054s ]
INFO: [ app_begin ] --END-- [ RunTime:0.000143s ]
SQL: SHOW COLUMNS FROM `role` [ RunTime:0.0009s ]
SQL: SELECT `role_id`,`role_name` FROM `role`  [ RunTime:0.0002s ]

[ 2016-03-16T23:28:18+08:00 ] 10.16.155.217 /html/webframework/webframe/index.php/Admin/Menu/ajaxIndex?limit=15&offset=0&sort=id&order=desc&UserName=4
INFO: [ app_begin ] --START--
INFO: Run Behavior\ReadHtmlCacheBehavior [ RunTime:0.000086s ]
INFO: [ app_begin ] --END-- [ RunTime:0.000165s ]
SQL: SHOW COLUMNS FROM `menu` [ RunTime:0.0009s ]
SQL: SELECT `menu_id`,`menu_name`,`parentid`,`menu_url`,`sort`,`ishidden` FROM `menu` WHERE ( parentid=0 ) ORDER BY sort asc  [ RunTime:0.0001s ]
SQL: SELECT COUNT(*) AS tp_count FROM `menu` LIMIT 1   [ RunTime:0.0001s ]

[ 2016-03-16T23:28:39+08:00 ] 10.16.155.217 /html/webframework/webframe/index.php/Admin/Workflow/getrole
INFO: [ app_begin ] --START--
INFO: Run Behavior\ReadHtmlCacheBehavior [ RunTime:0.000055s ]
INFO: [ app_begin ] --END-- [ RunTime:0.000143s ]
SQL: SHOW COLUMNS FROM `role` [ RunTime:0.0009s ]
SQL: SELECT `role_id`,`role_name` FROM `role`  [ RunTime:0.0002s ]
NOTIC: [2] strtoupper() expects parameter 1 to be string, array given /var/www/html/webframework/ThinkPHP/Library/Think/Controller.class.php 第 212 行.
INFO: [ app_end ] --START--
INFO: Run Behavior\ShowPageTraceBehavior [ RunTime:0.000074s ]
INFO: [ app_end ] --END-- [ RunTime:0.000120s ]

[ 2016-03-16T23:31:01+08:00 ] 10.16.155.217 /html/webframework/webframe/index.php/Admin/Workflow/getrole
INFO: [ app_begin ] --START--
INFO: Run Behavior\ReadHtmlCacheBehavior [ RunTime:0.000048s ]
INFO: [ app_begin ] --END-- [ RunTime:0.000132s ]
SQL: SHOW COLUMNS FROM `role` [ RunTime:0.0009s ]
SQL: SELECT `role_id`,`role_name` FROM `role`  [ RunTime:0.0001s ]
NOTIC: [2] strtoupper() expects parameter 1 to be string, array given /var/www/html/webframework/ThinkPHP/Library/Think/Controller.class.php 第 212 行.
INFO: [ app_end ] --START--
INFO: Run Behavior\ShowPageTraceBehavior [ RunTime:0.000068s ]
INFO: [ app_end ] --END-- [ RunTime:0.000115s ]

[ 2016-03-16T23:32:01+08:00 ] 10.16.155.217 /html/webframework/webframe/index.php/Admin/Workflow/getrole
INFO: [ app_begin ] --START--
INFO: Run Behavior\ReadHtmlCacheBehavior [ RunTime:0.000044s ]
INFO: [ app_begin ] --END-- [ RunTime:0.000120s ]
SQL: SHOW COLUMNS FROM `role` [ RunTime:0.0008s ]
SQL: SELECT `role_id`,`role_name` FROM `role`  [ RunTime:0.0001s ]
NOTIC: [2] strtoupper() expects parameter 1 to be string, array given /var/www/html/webframework/ThinkPHP/Library/Think/Controller.class.php 第 212 行.
INFO: [ app_end ] --START--
INFO: Run Behavior\ShowPageTraceBehavior [ RunTime:0.000062s ]
INFO: [ app_end ] --END-- [ RunTime:0.000108s ]

[ 2016-03-16T23:32:19+08:00 ] 10.16.155.217 /html/webframework/webframe/index.php/Admin/Workflow/getrole
INFO: [ app_begin ] --START--
INFO: Run Behavior\ReadHtmlCacheBehavior [ RunTime:0.000047s ]
INFO: [ app_begin ] --END-- [ RunTime:0.000122s ]
SQL: SHOW COLUMNS FROM `role` [ RunTime:0.0009s ]
SQL: SELECT `role_id`,`role_name` FROM `role`  [ RunTime:0.0002s ]
NOTIC: [2] strtoupper() expects parameter 1 to be string, array given /var/www/html/webframework/ThinkPHP/Library/Think/Controller.class.php 第 212 行.
INFO: [ app_end ] --START--
INFO: Run Behavior\ShowPageTraceBehavior [ RunTime:0.000065s ]
INFO: [ app_end ] --END-- [ RunTime:0.000112s ]

[ 2016-03-16T23:35:20+08:00 ] 10.16.155.217 /html/webframework/webframe/index.php/Admin/Workflow/getrole
INFO: [ app_begin ] --START--
INFO: Run Behavior\ReadHtmlCacheBehavior [ RunTime:0.000045s ]
INFO: [ app_begin ] --END-- [ RunTime:0.000123s ]
SQL: SHOW COLUMNS FROM `role` [ RunTime:0.0009s ]
SQL: SELECT `role_id`,`role_name` FROM `role`  [ RunTime:0.0001s ]
NOTIC: [2] strtoupper() expects parameter 1 to be string, array given /var/www/html/webframework/ThinkPHP/Library/Think/Controller.class.php 第 212 行.
INFO: [ app_end ] --START--
INFO: Run Behavior\ShowPageTraceBehavior [ RunTime:0.000068s ]
INFO: [ app_end ] --END-- [ RunTime:0.000109s ]

[ 2016-03-16T23:39:10+08:00 ] 10.16.155.217 /html/webframework/webframe/index.php/Admin/Workflow/getrole
INFO: [ app_begin ] --START--
INFO: Run Behavior\ReadHtmlCacheBehavior [ RunTime:0.000053s ]
INFO: [ app_begin ] --END-- [ RunTime:0.000138s ]
SQL: SHOW COLUMNS FROM `role` [ RunTime:0.0009s ]
SQL: SELECT `role_id`,`role_name` FROM `role`  [ RunTime:0.0002s ]
NOTIC: [2] strtoupper() expects parameter 1 to be string, array given /var/www/html/webframework/ThinkPHP/Library/Think/Controller.class.php 第 212 行.
INFO: [ app_end ] --START--
INFO: Run Behavior\ShowPageTraceBehavior [ RunTime:0.000075s ]
INFO: [ app_end ] --END-- [ RunTime:0.000121s ]

[ 2016-03-16T23:39:13+08:00 ] 10.16.155.217 /html/webframework/webframe/index.php/Admin/Workflow/getrole
INFO: [ app_begin ] --START--
INFO: Run Behavior\ReadHtmlCacheBehavior [ RunTime:0.000051s ]
INFO: [ app_begin ] --END-- [ RunTime:0.000137s ]
SQL: SHOW COLUMNS FROM `role` [ RunTime:0.0008s ]
SQL: SELECT `role_id`,`role_name` FROM `role`  [ RunTime:0.0002s ]

[ 2016-03-16T23:39:26+08:00 ] 10.16.155.217 /html/webframework/webframe/index.php/Admin/Workflow/getrole
INFO: [ app_begin ] --START--
INFO: Run Behavior\ReadHtmlCacheBehavior [ RunTime:0.000050s ]
INFO: [ app_begin ] --END-- [ RunTime:0.000135s ]
SQL: SHOW COLUMNS FROM `role` [ RunTime:0.0009s ]
SQL: SELECT `role_id`,`role_name` FROM `role`  [ RunTime:0.0001s ]

[ 2016-03-16T23:43:51+08:00 ] 10.16.155.217 /html/webframework/webframe/index.php/Admin/Workflow/getrole
INFO: [ app_begin ] --START--
INFO: Run Behavior\ReadHtmlCacheBehavior [ RunTime:0.000087s ]
INFO: [ app_begin ] --END-- [ RunTime:0.000180s ]
SQL: SHOW COLUMNS FROM `role` [ RunTime:0.0009s ]
SQL: SELECT `role_id`,`role_name` FROM `role`  [ RunTime:0.0002s ]

[ 2016-03-16T23:44:08+08:00 ] 10.16.155.217 /html/webframework/webframe/index.php/Admin/Workflow/getrole
INFO: [ app_begin ] --START--
INFO: Run Behavior\ReadHtmlCacheBehavior [ RunTime:0.000053s ]
INFO: [ app_begin ] --END-- [ RunTime:0.000140s ]
SQL: SHOW COLUMNS FROM `role` [ RunTime:0.0009s ]
SQL: SELECT `role_id`,`role_name` FROM `role`  [ RunTime:0.0001s ]

[ 2016-03-16T23:44:46+08:00 ] 10.16.155.217 /html/webframework/webframe/index.php/Admin/Workflow/getrole
INFO: [ app_begin ] --START--
INFO: Run Behavior\ReadHtmlCacheBehavior [ RunTime:0.000052s ]
INFO: [ app_begin ] --END-- [ RunTime:0.000139s ]
SQL: SHOW COLUMNS FROM `role` [ RunTime:0.0009s ]
SQL: SELECT `role_id`,`role_name` FROM `role`  [ RunTime:0.0002s ]

[ 2016-03-16T23:44:48+08:00 ] 10.16.155.217 /html/webframework/webframe/index.php/Admin/Workflow/getrole
INFO: [ app_begin ] --START--
INFO: Run Behavior\ReadHtmlCacheBehavior [ RunTime:0.000050s ]
INFO: [ app_begin ] --END-- [ RunTime:0.000126s ]
SQL: SHOW COLUMNS FROM `role` [ RunTime:0.0008s ]
SQL: SELECT `role_id`,`role_name` FROM `role`  [ RunTime:0.0001s ]

[ 2016-03-16T23:45:48+08:00 ] 10.16.155.217 /html/webframework/webframe/index.php/Admin/Workflow/getrole
INFO: [ app_begin ] --START--
INFO: Run Behavior\ReadHtmlCacheBehavior [ RunTime:0.000048s ]
INFO: [ app_begin ] --END-- [ RunTime:0.000131s ]
SQL: SHOW COLUMNS FROM `role` [ RunTime:0.0008s ]
SQL: SELECT `role_id`,`role_name` FROM `role`  [ RunTime:0.0001s ]

[ 2016-03-16T23:47:33+08:00 ] 10.16.155.217 /html/webframework/webframe/index.php/Admin/Workflow/getrole
INFO: [ app_begin ] --START--
INFO: Run Behavior\ReadHtmlCacheBehavior [ RunTime:0.000047s ]
INFO: [ app_begin ] --END-- [ RunTime:0.000142s ]
SQL: SHOW COLUMNS FROM `role` [ RunTime:0.0008s ]
SQL: SELECT `role_id`,`role_name` FROM `role`  [ RunTime:0.0001s ]
NOTIC: [2] strtoupper() expects parameter 1 to be string, array given /var/www/html/webframework/ThinkPHP/Library/Think/Controller.class.php 第 212 行.
INFO: [ app_end ] --START--
INFO: Run Behavior\ShowPageTraceBehavior [ RunTime:0.000071s ]
INFO: [ app_end ] --END-- [ RunTime:0.000124s ]

[ 2016-03-16T23:47:49+08:00 ] 10.16.155.217 /html/webframework/webframe/index.php/Admin/Workflow/getrole
INFO: [ app_begin ] --START--
INFO: Run Behavior\ReadHtmlCacheBehavior [ RunTime:0.000045s ]
INFO: [ app_begin ] --END-- [ RunTime:0.000125s ]
SQL: SHOW COLUMNS FROM `role` [ RunTime:0.0009s ]
SQL: SELECT `role_id`,`role_name` FROM `role`  [ RunTime:0.0001s ]
NOTIC: [2] strtoupper() expects parameter 1 to be string, array given /var/www/html/webframework/ThinkPHP/Library/Think/Controller.class.php 第 212 行.
INFO: [ app_end ] --START--
INFO: Run Behavior\ShowPageTraceBehavior [ RunTime:0.000143s ]
INFO: [ app_end ] --END-- [ RunTime:0.000191s ]

[ 2016-03-16T23:47:51+08:00 ] 10.16.155.217 /html/webframework/webframe/index.php/Admin/Workflow/getrole
INFO: [ app_begin ] --START--
INFO: Run Behavior\ReadHtmlCacheBehavior [ RunTime:0.000042s ]
INFO: [ app_begin ] --END-- [ RunTime:0.000111s ]
SQL: SHOW COLUMNS FROM `role` [ RunTime:0.0008s ]
SQL: SELECT `role_id`,`role_name` FROM `role`  [ RunTime:0.0001s ]
NOTIC: [2] strtoupper() expects parameter 1 to be string, array given /var/www/html/webframework/ThinkPHP/Library/Think/Controller.class.php 第 212 行.
INFO: [ app_end ] --START--
INFO: Run Behavior\ShowPageTraceBehavior [ RunTime:0.000055s ]
INFO: [ app_end ] --END-- [ RunTime:0.000092s ]

[ 2016-03-16T23:47:51+08:00 ] 10.16.155.217 /html/webframework/webframe/index.php/Admin/Workflow/getrole
INFO: [ app_begin ] --START--
INFO: Run Behavior\ReadHtmlCacheBehavior [ RunTime:0.000043s ]
INFO: [ app_begin ] --END-- [ RunTime:0.000112s ]
SQL: SHOW COLUMNS FROM `role` [ RunTime:0.0008s ]
SQL: SELECT `role_id`,`role_name` FROM `role`  [ RunTime:0.0001s ]
NOTIC: [2] strtoupper() expects parameter 1 to be string, array given /var/www/html/webframework/ThinkPHP/Library/Think/Controller.class.php 第 212 行.
INFO: [ app_end ] --START--
INFO: Run Behavior\ShowPageTraceBehavior [ RunTime:0.000058s ]
INFO: [ app_end ] --END-- [ RunTime:0.000100s ]

[ 2016-03-16T23:47:51+08:00 ] 10.16.155.217 /html/webframework/webframe/index.php/Admin/Workflow/getrole
INFO: [ app_begin ] --START--
INFO: Run Behavior\ReadHtmlCacheBehavior [ RunTime:0.000042s ]
INFO: [ app_begin ] --END-- [ RunTime:0.000119s ]
SQL: SHOW COLUMNS FROM `role` [ RunTime:0.0007s ]
SQL: SELECT `role_id`,`role_name` FROM `role`  [ RunTime:0.0001s ]
NOTIC: [2] strtoupper() expects parameter 1 to be string, array given /var/www/html/webframework/ThinkPHP/Library/Think/Controller.class.php 第 212 行.
INFO: [ app_end ] --START--
INFO: Run Behavior\ShowPageTraceBehavior [ RunTime:0.000058s ]
INFO: [ app_end ] --END-- [ RunTime:0.000100s ]

[ 2016-03-16T23:47:51+08:00 ] 10.16.155.217 /html/webframework/webframe/index.php/Admin/Workflow/getrole
INFO: [ app_begin ] --START--
INFO: Run Behavior\ReadHtmlCacheBehavior [ RunTime:0.000040s ]
INFO: [ app_begin ] --END-- [ RunTime:0.000109s ]
SQL: SHOW COLUMNS FROM `role` [ RunTime:0.0007s ]
SQL: SELECT `role_id`,`role_name` FROM `role`  [ RunTime:0.0001s ]
NOTIC: [2] strtoupper() expects parameter 1 to be string, array given /var/www/html/webframework/ThinkPHP/Library/Think/Controller.class.php 第 212 行.
INFO: [ app_end ] --START--
INFO: Run Behavior\ShowPageTraceBehavior [ RunTime:0.000055s ]
INFO: [ app_end ] --END-- [ RunTime:0.000097s ]

[ 2016-03-16T23:48:15+08:00 ] 10.16.155.217 /html/webframework/webframe/index.php/Admin/Workflow/getrole
INFO: [ app_begin ] --START--
INFO: Run Behavior\ReadHtmlCacheBehavior [ RunTime:0.000051s ]
INFO: [ app_begin ] --END-- [ RunTime:0.000134s ]
SQL: SHOW COLUMNS FROM `role` [ RunTime:0.0008s ]
SQL: SELECT `role_id`,`role_name` FROM `role`  [ RunTime:0.0001s ]
NOTIC: [2] strtoupper() expects parameter 1 to be string, array given /var/www/html/webframework/ThinkPHP/Library/Think/Controller.class.php 第 212 行.
INFO: [ app_end ] --START--
INFO: Run Behavior\ShowPageTraceBehavior [ RunTime:0.000073s ]
INFO: [ app_end ] --END-- [ RunTime:0.000115s ]

[ 2016-03-16T23:49:43+08:00 ] 10.16.155.217 /html/webframework/webframe/index.php/Admin/Workflow/getrole
INFO: [ app_begin ] --START--
INFO: Run Behavior\ReadHtmlCacheBehavior [ RunTime:0.000053s ]
INFO: [ app_begin ] --END-- [ RunTime:0.000137s ]
SQL: SHOW COLUMNS FROM `role` [ RunTime:0.0009s ]
SQL: SELECT `role_id`,`role_name` FROM `role`  [ RunTime:0.0001s ]
NOTIC: [2] strtoupper() expects parameter 1 to be string, array given /var/www/html/webframework/ThinkPHP/Library/Think/Controller.class.php 第 212 行.
INFO: [ app_end ] --START--
INFO: Run Behavior\ShowPageTraceBehavior [ RunTime:0.000074s ]
INFO: [ app_end ] --END-- [ RunTime:0.000117s ]

[ 2016-03-16T23:50:22+08:00 ] 10.16.155.217 /html/webframework/webframe/index.php/Admin/Workflow/getrole
INFO: [ app_begin ] --START--
INFO: Run Behavior\ReadHtmlCacheBehavior [ RunTime:0.000050s ]
INFO: [ app_begin ] --END-- [ RunTime:0.000131s ]
SQL: SHOW COLUMNS FROM `role` [ RunTime:0.0008s ]
SQL: SELECT `role_id`,`role_name` FROM `role`  [ RunTime:0.0001s ]

[ 2016-03-16T23:50:33+08:00 ] 10.16.155.217 /html/webframework/webframe/index.php/Admin/Workflow/getrole
INFO: [ app_begin ] --START--
INFO: Run Behavior\ReadHtmlCacheBehavior [ RunTime:0.000052s ]
INFO: [ app_begin ] --END-- [ RunTime:0.000138s ]
SQL: SHOW COLUMNS FROM `role` [ RunTime:0.0009s ]
SQL: SELECT `role_id`,`role_name` FROM `role`  [ RunTime:0.0001s ]

[ 2016-03-16T23:50:35+08:00 ] 10.16.155.217 /html/webframework/webframe/index.php/Admin/Workflow/getrole
INFO: [ app_begin ] --START--
INFO: Run Behavior\ReadHtmlCacheBehavior [ RunTime:0.000044s ]
INFO: [ app_begin ] --END-- [ RunTime:0.000117s ]
SQL: SHOW COLUMNS FROM `role` [ RunTime:0.0008s ]
SQL: SELECT `role_id`,`role_name` FROM `role`  [ RunTime:0.0001s ]

[ 2016-03-16T23:50:37+08:00 ] 10.16.155.217 /html/webframework/webframe/index.php/Admin/Workflow/getrole
INFO: [ app_begin ] --START--
INFO: Run Behavior\ReadHtmlCacheBehavior [ RunTime:0.000048s ]
INFO: [ app_begin ] --END-- [ RunTime:0.000133s ]
SQL: SHOW COLUMNS FROM `role` [ RunTime:0.0008s ]
SQL: SELECT `role_id`,`role_name` FROM `role`  [ RunTime:0.0001s ]

[ 2016-03-16T23:50:47+08:00 ] 10.16.155.217 /html/webframework/webframe/index.php/Admin/Workflow/getrole
INFO: [ app_begin ] --START--
INFO: Run Behavior\ReadHtmlCacheBehavior [ RunTime:0.000051s ]
INFO: [ app_begin ] --END-- [ RunTime:0.000138s ]
SQL: SHOW COLUMNS FROM `role` [ RunTime:0.0009s ]
SQL: SELECT `role_id`,`role_name` FROM `role`  [ RunTime:0.0002s ]

[ 2016-03-16T23:51:49+08:00 ] 10.16.155.217 /html/webframework/webframe/index.php/Admin/Workflow/getrole
INFO: [ app_begin ] --START--
INFO: Run Behavior\ReadHtmlCacheBehavior [ RunTime:0.000060s ]
INFO: [ app_begin ] --END-- [ RunTime:0.000226s ]
SQL: SHOW COLUMNS FROM `role` [ RunTime:0.0008s ]
SQL: SELECT `role_id`,`role_name` FROM `role`  [ RunTime:0.0001s ]

[ 2016-03-16T23:53:37+08:00 ] 10.16.155.217 /html/webframework/webframe/index.php/Admin/Workflow/getrole
INFO: [ app_begin ] --START--
INFO: Run Behavior\ReadHtmlCacheBehavior [ RunTime:0.000043s ]
INFO: [ app_begin ] --END-- [ RunTime:0.000114s ]
SQL: SHOW COLUMNS FROM `role` [ RunTime:0.0008s ]
SQL: SELECT `role_id`,`role_name` FROM `role`  [ RunTime:0.0001s ]

[ 2016-03-16T23:57:03+08:00 ] 10.16.155.217 /html/webframework/webframe/index.php/Admin/Workflow/getrole
INFO: [ app_begin ] --START--
INFO: Run Behavior\ReadHtmlCacheBehavior [ RunTime:0.000048s ]
INFO: [ app_begin ] --END-- [ RunTime:0.000127s ]
SQL: SHOW COLUMNS FROM `role` [ RunTime:0.0009s ]
SQL: SELECT `role_id`,`role_name` FROM `role`  [ RunTime:0.0002s ]

[ 2016-03-16T23:57:58+08:00 ] 10.16.155.217 /html/webframework/webframe/index.php/Admin/Workflow/getrole
INFO: [ app_begin ] --START--
INFO: Run Behavior\ReadHtmlCacheBehavior [ RunTime:0.000044s ]
INFO: [ app_begin ] --END-- [ RunTime:0.000123s ]
SQL: SHOW COLUMNS FROM `role` [ RunTime:0.0009s ]
SQL: SELECT `role_id`,`role_name` FROM `role`  [ RunTime:0.0001s ]

[ 2016-03-16T23:58:01+08:00 ] 10.16.155.217 /html/webframework/webframe/index.php/Admin/Workflow/getrole
INFO: [ app_begin ] --START--
INFO: Run Behavior\ReadHtmlCacheBehavior [ RunTime:0.000046s ]
INFO: [ app_begin ] --END-- [ RunTime:0.000125s ]
SQL: SHOW COLUMNS FROM `role` [ RunTime:0.0008s ]
SQL: SELECT `role_id`,`role_name` FROM `role`  [ RunTime:0.0001s ]

[ 2016-03-16T23:58:03+08:00 ] 10.16.155.217 /html/webframework/webframe/index.php/Admin/Workflow/getrole
INFO: [ app_begin ] --START--
INFO: Run Behavior\ReadHtmlCacheBehavior [ RunTime:0.000040s ]
INFO: [ app_begin ] --END-- [ RunTime:0.000107s ]
SQL: SHOW COLUMNS FROM `role` [ RunTime:0.0009s ]
SQL: SELECT `role_id`,`role_name` FROM `role`  [ RunTime:0.0001s ]

[ 2016-03-16T23:58:13+08:00 ] 10.16.155.217 /html/webframework/webframe/index.php/Admin/Workflow/getrole
INFO: [ app_begin ] --START--
INFO: Run Behavior\ReadHtmlCacheBehavior [ RunTime:0.000050s ]
INFO: [ app_begin ] --END-- [ RunTime:0.000136s ]
SQL: SHOW COLUMNS FROM `role` [ RunTime:0.0008s ]
SQL: SELECT `role_id`,`role_name` FROM `role`  [ RunTime:0.0001s ]

[ 2016-03-16T23:59:45+08:00 ] 10.16.155.217 /html/webframework/webframe/index.php/Admin/Workflow/getrole
INFO: [ app_begin ] --START--
INFO: Run Behavior\ReadHtmlCacheBehavior [ RunTime:0.000047s ]
INFO: [ app_begin ] --END-- [ RunTime:0.000132s ]
SQL: SHOW COLUMNS FROM `role` [ RunTime:0.0008s ]
SQL: SELECT `role_id`,`role_name` FROM `role`  [ RunTime:0.0001s ]

[ 2016-03-16T23:59:47+08:00 ] 10.16.155.217 /html/webframework/webframe/index.php/Admin/Workflow/getrole
INFO: [ app_begin ] --START--
INFO: Run Behavior\ReadHtmlCacheBehavior [ RunTime:0.000046s ]
INFO: [ app_begin ] --END-- [ RunTime:0.000118s ]
SQL: SHOW COLUMNS FROM `role` [ RunTime:0.0009s ]
SQL: SELECT `role_id`,`role_name` FROM `role`  [ RunTime:0.0001s ]

[ 2016-03-16T23:59:49+08:00 ] 10.16.155.217 /html/webframework/webframe/index.php/Admin/Workflow/getrole
INFO: [ app_begin ] --START--
INFO: Run Behavior\ReadHtmlCacheBehavior [ RunTime:0.000048s ]
INFO: [ app_begin ] --END-- [ RunTime:0.000137s ]
SQL: SHOW COLUMNS FROM `role` [ RunTime:0.0008s ]
SQL: SELECT `role_id`,`role_name` FROM `role`  [ RunTime:0.0001s ]

[ 2016-03-16T23:59:50+08:00 ] 10.16.155.217 /html/webframework/webframe/index.php/Admin/Workflow/getrole
INFO: [ app_begin ] --START--
INFO: Run Behavior\ReadHtmlCacheBehavior [ RunTime:0.000052s ]
INFO: [ app_begin ] --END-- [ RunTime:0.000161s ]
SQL: SHOW COLUMNS FROM `role` [ RunTime:0.0008s ]
SQL: SELECT `role_id`,`role_name` FROM `role`  [ RunTime:0.0001s ]

